# JRE version: OpenJDK Runtime Environment (17.0.6) (build 17.0.6+0-b2043.56-9586694)
# Java VM: OpenJDK 64-Bit Server VM (17.0.6+0-b2043.56-9586694, mixed mode, tiered, compressed oops, compressed class ptrs, g1 gc, windows-amd64)
GC Precious Log:
 CPUs: 12 total, 12 available
 Memory: 8125M
 Large Page Support: Disabled
 NUMA Support: Disabled
 Compressed Oops: Enabled (32-bit)
 Heap Region Size: 1M
 Heap Min Capacity: 8M
 Heap Initial Capacity: 128M
 Heap Max Capacity: 2G
 Pre-touch: Disabled
 Parallel Workers: 10
 Concurrent Workers: 3
 Concurrent Refinement Workers: 10
 Periodic GC: Disabled
Heap:
 garbage-first heap   total 264192K, used 147880K [0x0000000080000000, 0x0000000100000000)
  region size 1024K, 32 young (32768K), 5 survivors (5120K)
 Metaspace       used 118210K, committed 119040K, reserved 1155072K
  class space    used 16313K, committed 16704K, reserved 1048576K
GC Heap History (20 events):
Event: 7.909 GC heap before
{Heap before GC invocations=29 (full 0):
 garbage-first heap   total 122880K, used 97635K [0x0000000080000000, 0x0000000100000000)
  region size 1024K, 40 young (40960K), 5 survivors (5120K)
 Metaspace       used 80596K, committed 81216K, reserved 1122304K
  class space    used 10978K, committed 11264K, reserved 1048576K
}
Event: 7.914 GC heap after
{Heap after GC invocations=30 (full 0):
 garbage-first heap   total 122880K, used 64794K [0x0000000080000000, 0x0000000100000000)
  region size 1024K, 3 young (3072K), 3 survivors (3072K)
 Metaspace       used 80596K, committed 81216K, reserved 1122304K
  class space    used 10978K, committed 11264K, reserved 1048576K
}
Event: 8.174 GC heap before
{Heap before GC invocations=31 (full 0):
 garbage-first heap   total 122880K, used 98586K [0x0000000080000000, 0x0000000100000000)
  region size 1024K, 36 young (36864K), 3 survivors (3072K)
 Metaspace       used 81580K, committed 82176K, reserved 1122304K
  class space    used 11117K, committed 11392K, reserved 1048576K
}
Event: 8.179 GC heap after
{Heap after GC invocations=32 (full 0):
 garbage-first heap   total 122880K, used 69590K [0x0000000080000000, 0x0000000100000000)
  region size 1024K, 5 young (5120K), 5 survivors (5120K)
 Metaspace       used 81580K, committed 82176K, reserved 1122304K
  class space    used 11117K, committed 11392K, reserved 1048576K
}
Event: 8.184 GC heap before
{Heap before GC invocations=32 (full 0):
 garbage-first heap   total 122880K, used 70614K [0x0000000080000000, 0x0000000100000000)
  region size 1024K, 6 young (6144K), 5 survivors (5120K)
 Metaspace       used 81580K, committed 82176K, reserved 1122304K
  class space    used 11117K, committed 11392K, reserved 1048576K
}
Event: 8.188 GC heap after
{Heap after GC invocations=33 (full 0):
 garbage-first heap   total 122880K, used 70104K [0x0000000080000000, 0x0000000100000000)
  region size 1024K, 1 young (1024K), 1 survivors (1024K)
 Metaspace       used 81580K, committed 82176K, reserved 1122304K
  class space    used 11117K, committed 11392K, reserved 1048576K
}
Event: 8.442 GC heap before
{Heap before GC invocations=33 (full 0):
 garbage-first heap   total 122880K, used 99800K [0x0000000080000000, 0x0000000100000000)
  region size 1024K, 30 young (30720K), 1 survivors (1024K)
 Metaspace       used 83099K, committed 83712K, reserved 1122304K
  class space    used 11440K, committed 11712K, reserved 1048576K
}
Event: 8.445 GC heap after
{Heap after GC invocations=34 (full 0):
 garbage-first heap   total 122880K, used 73300K [0x0000000080000000, 0x0000000100000000)
  region size 1024K, 4 young (4096K), 4 survivors (4096K)
 Metaspace       used 83099K, committed 83712K, reserved 1122304K
  class space    used 11440K, committed 11712K, reserved 1048576K
}
Event: 8.656 GC heap before
{Heap before GC invocations=35 (full 0):
 garbage-first heap   total 132096K, used 98900K [0x0000000080000000, 0x0000000100000000)
  region size 1024K, 30 young (30720K), 4 survivors (4096K)
 Metaspace       used 84208K, committed 84800K, reserved 1122304K
  class space    used 11690K, committed 11968K, reserved 1048576K
}
Event: 8.661 GC heap after
{Heap after GC invocations=36 (full 0):
 garbage-first heap   total 132096K, used 75892K [0x0000000080000000, 0x0000000100000000)
  region size 1024K, 3 young (3072K), 3 survivors (3072K)
 Metaspace       used 84208K, committed 84800K, reserved 1122304K
  class space    used 11690K, committed 11968K, reserved 1048576K
}
Event: 8.672 GC heap before
{Heap before GC invocations=36 (full 0):
 garbage-first heap   total 132096K, used 78964K [0x0000000080000000, 0x0000000100000000)
  region size 1024K, 6 young (6144K), 3 survivors (3072K)
 Metaspace       used 84226K, committed 84864K, reserved 1122304K
  class space    used 11690K, committed 11968K, reserved 1048576K
}
Event: 8.676 GC heap after
{Heap after GC invocations=37 (full 0):
 garbage-first heap   total 264192K, used 75729K [0x0000000080000000, 0x0000000100000000)
  region size 1024K, 1 young (1024K), 1 survivors (1024K)
 Metaspace       used 84226K, committed 84864K, reserved 1122304K
  class space    used 11690K, committed 11968K, reserved 1048576K
}
Event: 9.397 GC heap before
{Heap before GC invocations=37 (full 0):
 garbage-first heap   total 264192K, used 199633K [0x0000000080000000, 0x0000000100000000)
  region size 1024K, 123 young (125952K), 1 survivors (1024K)
 Metaspace       used 85457K, committed 86080K, reserved 1130496K
  class space    used 11774K, committed 12032K, reserved 1048576K
}
Event: 9.404 GC heap after
{Heap after GC invocations=38 (full 0):
 garbage-first heap   total 264192K, used 83491K [0x0000000080000000, 0x0000000100000000)
  region size 1024K, 9 young (9216K), 9 survivors (9216K)
 Metaspace       used 85457K, committed 86080K, reserved 1130496K
  class space    used 11774K, committed 12032K, reserved 1048576K
}
Event: 213.421 GC heap before
{Heap before GC invocations=38 (full 0):
 garbage-first heap   total 264192K, used 210467K [0x0000000080000000, 0x0000000100000000)
  region size 1024K, 123 young (125952K), 9 survivors (9216K)
 Metaspace       used 94153K, committed 94912K, reserved 1138688K
  class space    used 12858K, committed 13248K, reserved 1048576K
}
Event: 213.432 GC heap after
{Heap after GC invocations=39 (full 0):
 garbage-first heap   total 264192K, used 93222K [0x0000000080000000, 0x0000000100000000)
  region size 1024K, 16 young (16384K), 16 survivors (16384K)
 Metaspace       used 94153K, committed 94912K, reserved 1138688K
  class space    used 12858K, committed 13248K, reserved 1048576K
}
Event: 256.196 GC heap before
{Heap before GC invocations=39 (full 0):
 garbage-first heap   total 264192K, used 203814K [0x0000000080000000, 0x0000000100000000)
  region size 1024K, 125 young (128000K), 16 survivors (16384K)
 Metaspace       used 100450K, committed 101248K, reserved 1138688K
  class space    used 13641K, committed 14016K, reserved 1048576K
}
Event: 256.210 GC heap after
{Heap after GC invocations=40 (full 0):
 garbage-first heap   total 264192K, used 105940K [0x0000000080000000, 0x0000000100000000)
  region size 1024K, 13 young (13312K), 13 survivors (13312K)
 Metaspace       used 100450K, committed 101248K, reserved 1138688K
  class space    used 13641K, committed 14016K, reserved 1048576K
}
Event: 257.708 GC heap before
{Heap before GC invocations=40 (full 0):
 garbage-first heap   total 264192K, used 208340K [0x0000000080000000, 0x0000000100000000)
  region size 1024K, 112 young (114688K), 13 survivors (13312K)
 Metaspace       used 114857K, committed 115712K, reserved 1155072K
  class space    used 15719K, committed 16128K, reserved 1048576K
}
Event: 257.717 GC heap after
{Heap after GC invocations=41 (full 0):
 garbage-first heap   total 264192K, used 111016K [0x0000000080000000, 0x0000000100000000)
  region size 1024K, 5 young (5120K), 5 survivors (5120K)
 Metaspace       used 114857K, committed 115712K, reserved 1155072K
  class space    used 15719K, committed 16128K, reserved 1048576K
}

