# JRE version: OpenJDK Runtime Environment (17.0.6) (build 17.0.6+0-b2043.56-9586694)
# Java VM: OpenJDK 64-Bit Server VM (17.0.6+0-b2043.56-9586694, mixed mode, tiered, compressed oops, compressed class ptrs, g1 gc, windows-amd64)
GC Precious Log:
 CPUs: 12 total, 12 available
 Memory: 8125M
 Large Page Support: Disabled
 NUMA Support: Disabled
 Compressed Oops: Enabled (32-bit)
 Heap Region Size: 1M
 Heap Min Capacity: 8M
 Heap Initial Capacity: 128M
 Heap Max Capacity: 2G
 Pre-touch: Disabled
 Parallel Workers: 10
 Concurrent Workers: 3
 Concurrent Refinement Workers: 10
 Periodic GC: Disabled
Heap:
 garbage-first heap   total 242688K, used 161524K [0x0000000080000000, 0x0000000100000000)
  region size 1024K, 8 young (8192K), 8 survivors (8192K)
 Metaspace       used 123148K, committed 123968K, reserved 1163264K
  class space    used 16696K, committed 17088K, reserved 1048576K
GC Heap History (20 events):
Event: 13.561 GC heap after
{Heap after GC invocations=44 (full 0):
 garbage-first heap   total 201728K, used 118588K [0x0000000080000000, 0x0000000100000000)
  region size 1024K, 3 young (3072K), 3 survivors (3072K)
 Metaspace       used 105405K, committed 106112K, reserved 1146880K
  class space    used 14203K, committed 14528K, reserved 1048576K
}
Event: 13.780 GC heap before
{Heap before GC invocations=44 (full 0):
 garbage-first heap   total 201728K, used 162620K [0x0000000080000000, 0x0000000100000000)
  region size 1024K, 45 young (46080K), 3 survivors (3072K)
 Metaspace       used 106410K, committed 107136K, reserved 1146880K
  class space    used 14281K, committed 14592K, reserved 1048576K
}
Event: 13.785 GC heap after
{Heap after GC invocations=45 (full 0):
 garbage-first heap   total 201728K, used 124519K [0x0000000080000000, 0x0000000100000000)
  region size 1024K, 6 young (6144K), 6 survivors (6144K)
 Metaspace       used 106410K, committed 107136K, reserved 1146880K
  class space    used 14281K, committed 14592K, reserved 1048576K
}
Event: 14.096 GC heap before
{Heap before GC invocations=45 (full 0):
 garbage-first heap   total 201728K, used 162407K [0x0000000080000000, 0x0000000100000000)
  region size 1024K, 43 young (44032K), 6 survivors (6144K)
 Metaspace       used 108044K, committed 108800K, reserved 1146880K
  class space    used 14493K, committed 14848K, reserved 1048576K
}
Event: 14.100 GC heap after
{Heap after GC invocations=46 (full 0):
 garbage-first heap   total 242688K, used 123700K [0x0000000080000000, 0x0000000100000000)
  region size 1024K, 2 young (2048K), 2 survivors (2048K)
 Metaspace       used 108044K, committed 108800K, reserved 1146880K
  class space    used 14493K, committed 14848K, reserved 1048576K
}
Event: 15.047 GC heap before
{Heap before GC invocations=46 (full 0):
 garbage-first heap   total 242688K, used 197428K [0x0000000080000000, 0x0000000100000000)
  region size 1024K, 75 young (76800K), 2 survivors (2048K)
 Metaspace       used 113005K, committed 113728K, reserved 1155072K
  class space    used 15146K, committed 15488K, reserved 1048576K
}
Event: 15.053 GC heap after
{Heap after GC invocations=47 (full 0):
 garbage-first heap   total 242688K, used 127876K [0x0000000080000000, 0x0000000100000000)
  region size 1024K, 6 young (6144K), 6 survivors (6144K)
 Metaspace       used 113005K, committed 113728K, reserved 1155072K
  class space    used 15146K, committed 15488K, reserved 1048576K
}
Event: 15.392 GC heap before
{Heap before GC invocations=47 (full 0):
 garbage-first heap   total 242688K, used 198532K [0x0000000080000000, 0x0000000100000000)
  region size 1024K, 76 young (77824K), 6 survivors (6144K)
 Metaspace       used 113041K, committed 113728K, reserved 1155072K
  class space    used 15150K, committed 15488K, reserved 1048576K
}
Event: 15.396 GC heap after
{Heap after GC invocations=48 (full 0):
 garbage-first heap   total 242688K, used 128355K [0x0000000080000000, 0x0000000100000000)
  region size 1024K, 6 young (6144K), 6 survivors (6144K)
 Metaspace       used 113041K, committed 113728K, reserved 1155072K
  class space    used 15150K, committed 15488K, reserved 1048576K
}
Event: 15.556 GC heap before
{Heap before GC invocations=48 (full 0):
 garbage-first heap   total 242688K, used 201059K [0x0000000080000000, 0x0000000100000000)
  region size 1024K, 78 young (79872K), 6 survivors (6144K)
 Metaspace       used 113817K, committed 114496K, reserved 1155072K
  class space    used 15247K, committed 15552K, reserved 1048576K
}
Event: 15.560 GC heap after
{Heap after GC invocations=49 (full 0):
 garbage-first heap   total 242688K, used 129102K [0x0000000080000000, 0x0000000100000000)
  region size 1024K, 6 young (6144K), 6 survivors (6144K)
 Metaspace       used 113817K, committed 114496K, reserved 1155072K
  class space    used 15247K, committed 15552K, reserved 1048576K
}
Event: 15.777 GC heap before
{Heap before GC invocations=49 (full 0):
 garbage-first heap   total 242688K, used 203854K [0x0000000080000000, 0x0000000100000000)
  region size 1024K, 80 young (81920K), 6 survivors (6144K)
 Metaspace       used 114256K, committed 114944K, reserved 1155072K
  class space    used 15294K, committed 15616K, reserved 1048576K
}
Event: 15.783 GC heap after
{Heap after GC invocations=50 (full 0):
 garbage-first heap   total 242688K, used 130983K [0x0000000080000000, 0x0000000100000000)
  region size 1024K, 4 young (4096K), 4 survivors (4096K)
 Metaspace       used 114256K, committed 114944K, reserved 1155072K
  class space    used 15294K, committed 15616K, reserved 1048576K
}
Event: 16.143 GC heap before
{Heap before GC invocations=50 (full 0):
 garbage-first heap   total 242688K, used 204711K [0x0000000080000000, 0x0000000100000000)
  region size 1024K, 77 young (78848K), 4 survivors (4096K)
 Metaspace       used 114874K, committed 115584K, reserved 1155072K
  class space    used 15369K, committed 15680K, reserved 1048576K
}
Event: 16.150 GC heap after
{Heap after GC invocations=51 (full 0):
 garbage-first heap   total 242688K, used 136484K [0x0000000080000000, 0x0000000100000000)
  region size 1024K, 9 young (9216K), 9 survivors (9216K)
 Metaspace       used 114874K, committed 115584K, reserved 1155072K
  class space    used 15369K, committed 15680K, reserved 1048576K
}
Event: 16.261 GC heap before
{Heap before GC invocations=51 (full 0):
 garbage-first heap   total 242688K, used 206116K [0x0000000080000000, 0x0000000100000000)
  region size 1024K, 76 young (77824K), 9 survivors (9216K)
 Metaspace       used 115944K, committed 116672K, reserved 1155072K
  class space    used 15520K, committed 15872K, reserved 1048576K
}
Event: 16.267 GC heap after
{Heap after GC invocations=52 (full 0):
 garbage-first heap   total 242688K, used 144289K [0x0000000080000000, 0x0000000100000000)
  region size 1024K, 8 young (8192K), 8 survivors (8192K)
 Metaspace       used 115944K, committed 116672K, reserved 1155072K
  class space    used 15520K, committed 15872K, reserved 1048576K
}
Event: 16.703 GC heap before
{Heap before GC invocations=52 (full 0):
 garbage-first heap   total 242688K, used 202657K [0x0000000080000000, 0x0000000100000000)
  region size 1024K, 66 young (67584K), 8 survivors (8192K)
 Metaspace       used 120468K, committed 121280K, reserved 1155072K
  class space    used 16256K, committed 16640K, reserved 1048576K
}
Event: 16.713 GC heap after
{Heap after GC invocations=53 (full 0):
 garbage-first heap   total 242688K, used 153303K [0x0000000080000000, 0x0000000100000000)
  region size 1024K, 9 young (9216K), 9 survivors (9216K)
 Metaspace       used 120468K, committed 121280K, reserved 1155072K
  class space    used 16256K, committed 16640K, reserved 1048576K
}
Event: 16.883 GC heap before
{Heap before GC invocations=53 (full 0):
 garbage-first heap   total 242688K, used 201431K [0x0000000080000000, 0x0000000100000000)
  region size 1024K, 57 young (58368K), 9 survivors (9216K)
 Metaspace       used 123148K, committed 123968K, reserved 1163264K
  class space    used 16696K, committed 17088K, reserved 1048576K
}

