# JRE version: OpenJDK Runtime Environment (17.0.6) (build 17.0.6+0-b2043.56-9586694)
# Java VM: OpenJDK 64-Bit Server VM (17.0.6+0-b2043.56-9586694, mixed mode, tiered, compressed oops, compressed class ptrs, g1 gc, windows-amd64)
GC Precious Log:
 CPUs: 12 total, 12 available
 Memory: 8125M
 Large Page Support: Disabled
 NUMA Support: Disabled
 Compressed Oops: Enabled (32-bit)
 Heap Region Size: 1M
 Heap Min Capacity: 8M
 Heap Initial Capacity: 128M
 Heap Max Capacity: 2G
 Pre-touch: Disabled
 Parallel Workers: 10
 Concurrent Workers: 3
 Concurrent Refinement Workers: 10
 Periodic GC: Disabled
Heap:
 garbage-first heap   total 346112K, used 217050K [0x0000000080000000, 0x0000000100000000)
  region size 1024K, 14 young (14336K), 3 survivors (3072K)
 Metaspace       used 128647K, committed 129600K, reserved 1163264K
  class space    used 17547K, committed 17984K, reserved 1048576K
GC Heap History (20 events):
Event: 600.768 GC heap before
{Heap before GC invocations=55 (full 0):
 garbage-first heap   total 217088K, used 182211K [0x0000000080000000, 0x0000000100000000)
  region size 1024K, 34 young (34816K), 4 survivors (4096K)
 Metaspace       used 122178K, committed 123136K, reserved 1155072K
  class space    used 16909K, committed 17344K, reserved 1048576K
}
Event: 600.773 GC heap after
{Heap after GC invocations=56 (full 0):
 garbage-first heap   total 217088K, used 156615K [0x0000000080000000, 0x0000000100000000)
  region size 1024K, 5 young (5120K), 5 survivors (5120K)
 Metaspace       used 122178K, committed 123136K, reserved 1155072K
  class space    used 16909K, committed 17344K, reserved 1048576K
}
Event: 601.076 GC heap before
{Heap before GC invocations=56 (full 0):
 garbage-first heap   total 217088K, used 181191K [0x0000000080000000, 0x0000000100000000)
  region size 1024K, 30 young (30720K), 5 survivors (5120K)
 Metaspace       used 123585K, committed 124608K, reserved 1163264K
  class space    used 17090K, committed 17600K, reserved 1048576K
}
Event: 601.084 GC heap after
{Heap after GC invocations=57 (full 0):
 garbage-first heap   total 217088K, used 168424K [0x0000000080000000, 0x0000000100000000)
  region size 1024K, 4 young (4096K), 4 survivors (4096K)
 Metaspace       used 123585K, committed 124608K, reserved 1163264K
  class space    used 17090K, committed 17600K, reserved 1048576K
}
Event: 601.291 GC heap before
{Heap before GC invocations=57 (full 0):
 garbage-first heap   total 217088K, used 193000K [0x0000000080000000, 0x0000000100000000)
  region size 1024K, 18 young (18432K), 4 survivors (4096K)
 Metaspace       used 123843K, committed 124800K, reserved 1163264K
  class space    used 17109K, committed 17600K, reserved 1048576K
}
Event: 601.298 GC heap after
{Heap after GC invocations=58 (full 0):
 garbage-first heap   total 261120K, used 178557K [0x0000000080000000, 0x0000000100000000)
  region size 1024K, 3 young (3072K), 3 survivors (3072K)
 Metaspace       used 123843K, committed 124800K, reserved 1163264K
  class space    used 17109K, committed 17600K, reserved 1048576K
}
Event: 601.686 GC heap before
{Heap before GC invocations=58 (full 0):
 garbage-first heap   total 261120K, used 210301K [0x0000000080000000, 0x0000000100000000)
  region size 1024K, 32 young (32768K), 3 survivors (3072K)
 Metaspace       used 126277K, committed 127296K, reserved 1163264K
  class space    used 17351K, committed 17792K, reserved 1048576K
}
Event: 601.691 GC heap after
{Heap after GC invocations=59 (full 0):
 garbage-first heap   total 261120K, used 178840K [0x0000000080000000, 0x0000000100000000)
  region size 1024K, 3 young (3072K), 3 survivors (3072K)
 Metaspace       used 126277K, committed 127296K, reserved 1163264K
  class space    used 17351K, committed 17792K, reserved 1048576K
}
Event: 604.763 GC heap before
{Heap before GC invocations=59 (full 0):
 garbage-first heap   total 261120K, used 210584K [0x0000000080000000, 0x0000000100000000)
  region size 1024K, 35 young (35840K), 3 survivors (3072K)
 Metaspace       used 126914K, committed 127936K, reserved 1163264K
  class space    used 17416K, committed 17856K, reserved 1048576K
}
Event: 604.769 GC heap after
{Heap after GC invocations=60 (full 0):
 garbage-first heap   total 261120K, used 183464K [0x0000000080000000, 0x0000000100000000)
  region size 1024K, 5 young (5120K), 5 survivors (5120K)
 Metaspace       used 126914K, committed 127936K, reserved 1163264K
  class space    used 17416K, committed 17856K, reserved 1048576K
}
Event: 605.225 GC heap before
{Heap before GC invocations=60 (full 0):
 garbage-first heap   total 261120K, used 213160K [0x0000000080000000, 0x0000000100000000)
  region size 1024K, 35 young (35840K), 5 survivors (5120K)
 Metaspace       used 127635K, committed 128576K, reserved 1163264K
  class space    used 17499K, committed 17920K, reserved 1048576K
}
Event: 605.230 GC heap after
{Heap after GC invocations=61 (full 0):
 garbage-first heap   total 261120K, used 185711K [0x0000000080000000, 0x0000000100000000)
  region size 1024K, 3 young (3072K), 3 survivors (3072K)
 Metaspace       used 127635K, committed 128576K, reserved 1163264K
  class space    used 17499K, committed 17920K, reserved 1048576K
}
Event: 605.439 GC heap before
{Heap before GC invocations=61 (full 0):
 garbage-first heap   total 261120K, used 217455K [0x0000000080000000, 0x0000000100000000)
  region size 1024K, 33 young (33792K), 3 survivors (3072K)
 Metaspace       used 127782K, committed 128704K, reserved 1163264K
  class space    used 17499K, committed 17920K, reserved 1048576K
}
Event: 605.447 GC heap after
{Heap after GC invocations=62 (full 0):
 garbage-first heap   total 261120K, used 195934K [0x0000000080000000, 0x0000000100000000)
  region size 1024K, 5 young (5120K), 5 survivors (5120K)
 Metaspace       used 127782K, committed 128704K, reserved 1163264K
  class space    used 17499K, committed 17920K, reserved 1048576K
}
Event: 605.611 GC heap before
{Heap before GC invocations=62 (full 0):
 garbage-first heap   total 261120K, used 219486K [0x0000000080000000, 0x0000000100000000)
  region size 1024K, 27 young (27648K), 5 survivors (5120K)
 Metaspace       used 128082K, committed 129088K, reserved 1163264K
  class space    used 17528K, committed 17984K, reserved 1048576K
}
Event: 605.617 GC heap after
{Heap after GC invocations=63 (full 0):
 garbage-first heap   total 261120K, used 198854K [0x0000000080000000, 0x0000000100000000)
  region size 1024K, 4 young (4096K), 4 survivors (4096K)
 Metaspace       used 128082K, committed 129088K, reserved 1163264K
  class space    used 17528K, committed 17984K, reserved 1048576K
}
Event: 605.678 GC heap before
{Heap before GC invocations=63 (full 0):
 garbage-first heap   total 261120K, used 220358K [0x0000000080000000, 0x0000000100000000)
  region size 1024K, 25 young (25600K), 4 survivors (4096K)
 Metaspace       used 128210K, committed 129152K, reserved 1163264K
  class space    used 17542K, committed 17984K, reserved 1048576K
}
Event: 605.684 GC heap after
{Heap after GC invocations=64 (full 0):
 garbage-first heap   total 261120K, used 204199K [0x0000000080000000, 0x0000000100000000)
  region size 1024K, 4 young (4096K), 4 survivors (4096K)
 Metaspace       used 128210K, committed 129152K, reserved 1163264K
  class space    used 17542K, committed 17984K, reserved 1048576K
}
Event: 605.787 GC heap before
{Heap before GC invocations=64 (full 0):
 garbage-first heap   total 261120K, used 220583K [0x0000000080000000, 0x0000000100000000)
  region size 1024K, 21 young (21504K), 4 survivors (4096K)
 Metaspace       used 128428K, committed 129408K, reserved 1163264K
  class space    used 17546K, committed 17984K, reserved 1048576K
}
Event: 605.793 GC heap after
{Heap after GC invocations=65 (full 0):
 garbage-first heap   total 346112K, used 206810K [0x0000000080000000, 0x0000000100000000)
  region size 1024K, 3 young (3072K), 3 survivors (3072K)
 Metaspace       used 128428K, committed 129408K, reserved 1163264K
  class space    used 17546K, committed 17984K, reserved 1048576K
}

