# JRE version: OpenJDK Runtime Environment (17.0.6) (build 17.0.6+0-b2043.56-9586694)
# Java VM: OpenJDK 64-Bit Server VM (17.0.6+0-b2043.56-9586694, mixed mode, tiered, compressed oops, compressed class ptrs, g1 gc, windows-amd64)
GC Precious Log:
 CPUs: 12 total, 12 available
 Memory: 8125M
 Large Page Support: Disabled
 NUMA Support: Disabled
 Compressed Oops: Enabled (32-bit)
 Heap Region Size: 1M
 Heap Min Capacity: 8M
 Heap Initial Capacity: 128M
 Heap Max Capacity: 2G
 Pre-touch: Disabled
 Parallel Workers: 10
 Concurrent Workers: 3
 Concurrent Refinement Workers: 10
 Periodic GC: Disabled
Heap:
 garbage-first heap   total 234496K, used 157711K [0x0000000080000000, 0x0000000100000000)
  region size 1024K, 57 young (58368K), 9 survivors (9216K)
 Metaspace       used 128730K, committed 130048K, reserved 1163264K
  class space    used 18079K, committed 18688K, reserved 1048576K
GC Heap History (20 events):
Event: 842.755 GC heap before
{Heap before GC invocations=63 (full 0):
 garbage-first heap   total 234496K, used 140462K [0x0000000080000000, 0x0000000100000000)
  region size 1024K, 42 young (43008K), 2 survivors (2048K)
 Metaspace       used 127333K, committed 128640K, reserved 1163264K
  class space    used 18073K, committed 18688K, reserved 1048576K
}
Event: 842.761 GC heap after
{Heap after GC invocations=64 (full 0):
 garbage-first heap   total 234496K, used 108477K [0x0000000080000000, 0x0000000100000000)
  region size 1024K, 9 young (9216K), 9 survivors (9216K)
 Metaspace       used 127333K, committed 128640K, reserved 1163264K
  class space    used 18073K, committed 18688K, reserved 1048576K
}
Event: 969.305 GC heap before
{Heap before GC invocations=65 (full 0):
 garbage-first heap   total 234496K, used 197565K [0x0000000080000000, 0x0000000100000000)
  region size 1024K, 84 young (86016K), 9 survivors (9216K)
 Metaspace       used 127649K, committed 128896K, reserved 1163264K
  class space    used 18075K, committed 18688K, reserved 1048576K
}
Event: 969.311 GC heap after
{Heap after GC invocations=66 (full 0):
 garbage-first heap   total 234496K, used 111634K [0x0000000080000000, 0x0000000100000000)
  region size 1024K, 4 young (4096K), 4 survivors (4096K)
 Metaspace       used 127649K, committed 128896K, reserved 1163264K
  class space    used 18075K, committed 18688K, reserved 1048576K
}
Event: 969.340 GC heap before
{Heap before GC invocations=66 (full 0):
 garbage-first heap   total 234496K, used 117778K [0x0000000080000000, 0x0000000100000000)
  region size 1024K, 11 young (11264K), 4 survivors (4096K)
 Metaspace       used 127657K, committed 128960K, reserved 1163264K
  class space    used 18075K, committed 18688K, reserved 1048576K
}
Event: 969.347 GC heap after
{Heap after GC invocations=67 (full 0):
 garbage-first heap   total 234496K, used 106951K [0x0000000080000000, 0x0000000100000000)
  region size 1024K, 1 young (1024K), 1 survivors (1024K)
 Metaspace       used 127657K, committed 128960K, reserved 1163264K
  class space    used 18075K, committed 18688K, reserved 1048576K
}
Event: 1125.449 GC heap before
{Heap before GC invocations=67 (full 0):
 garbage-first heap   total 234496K, used 187847K [0x0000000080000000, 0x0000000100000000)
  region size 1024K, 80 young (81920K), 1 survivors (1024K)
 Metaspace       used 127891K, committed 129152K, reserved 1163264K
  class space    used 18077K, committed 18688K, reserved 1048576K
}
Event: 1125.459 GC heap after
{Heap after GC invocations=68 (full 0):
 garbage-first heap   total 234496K, used 117316K [0x0000000080000000, 0x0000000100000000)
  region size 1024K, 10 young (10240K), 10 survivors (10240K)
 Metaspace       used 127891K, committed 129152K, reserved 1163264K
  class space    used 18077K, committed 18688K, reserved 1048576K
}
Event: 1126.101 GC heap before
{Heap before GC invocations=69 (full 0):
 garbage-first heap   total 234496K, used 198212K [0x0000000080000000, 0x0000000100000000)
  region size 1024K, 80 young (81920K), 10 survivors (10240K)
 Metaspace       used 128135K, committed 129472K, reserved 1163264K
  class space    used 18078K, committed 18688K, reserved 1048576K
}
Event: 1126.109 GC heap after
{Heap after GC invocations=70 (full 0):
 garbage-first heap   total 234496K, used 118774K [0x0000000080000000, 0x0000000100000000)
  region size 1024K, 3 young (3072K), 3 survivors (3072K)
 Metaspace       used 128135K, committed 129472K, reserved 1163264K
  class space    used 18078K, committed 18688K, reserved 1048576K
}
Event: 1383.157 GC heap before
{Heap before GC invocations=70 (full 0):
 garbage-first heap   total 234496K, used 125942K [0x0000000080000000, 0x0000000100000000)
  region size 1024K, 11 young (11264K), 3 survivors (3072K)
 Metaspace       used 128179K, committed 129472K, reserved 1163264K
  class space    used 18078K, committed 18688K, reserved 1048576K
}
Event: 1383.161 GC heap after
{Heap after GC invocations=71 (full 0):
 garbage-first heap   total 234496K, used 110767K [0x0000000080000000, 0x0000000100000000)
  region size 1024K, 1 young (1024K), 1 survivors (1024K)
 Metaspace       used 128179K, committed 129472K, reserved 1163264K
  class space    used 18078K, committed 18688K, reserved 1048576K
}
Event: 1383.583 GC heap before
{Heap before GC invocations=71 (full 0):
 garbage-first heap   total 234496K, used 159919K [0x0000000080000000, 0x0000000100000000)
  region size 1024K, 51 young (52224K), 1 survivors (1024K)
 Metaspace       used 128260K, committed 129536K, reserved 1163264K
  class space    used 18078K, committed 18688K, reserved 1048576K
}
Event: 1383.588 GC heap after
{Heap after GC invocations=72 (full 0):
 garbage-first heap   total 234496K, used 118429K [0x0000000080000000, 0x0000000100000000)
  region size 1024K, 9 young (9216K), 9 survivors (9216K)
 Metaspace       used 128260K, committed 129536K, reserved 1163264K
  class space    used 18078K, committed 18688K, reserved 1048576K
}
Event: 1532.949 GC heap before
{Heap before GC invocations=73 (full 0):
 garbage-first heap   total 234496K, used 197277K [0x0000000080000000, 0x0000000100000000)
  region size 1024K, 76 young (77824K), 9 survivors (9216K)
 Metaspace       used 128441K, committed 129728K, reserved 1163264K
  class space    used 18078K, committed 18688K, reserved 1048576K
}
Event: 1532.951 GC heap after
{Heap after GC invocations=74 (full 0):
 garbage-first heap   total 234496K, used 113162K [0x0000000080000000, 0x0000000100000000)
  region size 1024K, 3 young (3072K), 3 survivors (3072K)
 Metaspace       used 128441K, committed 129728K, reserved 1163264K
  class space    used 18078K, committed 18688K, reserved 1048576K
}
Event: 1533.000 GC heap before
{Heap before GC invocations=74 (full 0):
 garbage-first heap   total 234496K, used 120330K [0x0000000080000000, 0x0000000100000000)
  region size 1024K, 11 young (11264K), 3 survivors (3072K)
 Metaspace       used 128441K, committed 129728K, reserved 1163264K
  class space    used 18078K, committed 18688K, reserved 1048576K
}
Event: 1533.004 GC heap after
{Heap after GC invocations=75 (full 0):
 garbage-first heap   total 234496K, used 101536K [0x0000000080000000, 0x0000000100000000)
  region size 1024K, 2 young (2048K), 2 survivors (2048K)
 Metaspace       used 128441K, committed 129728K, reserved 1163264K
  class space    used 18078K, committed 18688K, reserved 1048576K
}
Event: 1533.315 GC heap before
{Heap before GC invocations=75 (full 0):
 garbage-first heap   total 234496K, used 140448K [0x0000000080000000, 0x0000000100000000)
  region size 1024K, 42 young (43008K), 2 survivors (2048K)
 Metaspace       used 128551K, committed 129856K, reserved 1163264K
  class space    used 18078K, committed 18688K, reserved 1048576K
}
Event: 1533.321 GC heap after
{Heap after GC invocations=76 (full 0):
 garbage-first heap   total 234496K, used 108559K [0x0000000080000000, 0x0000000100000000)
  region size 1024K, 9 young (9216K), 9 survivors (9216K)
 Metaspace       used 128551K, committed 129856K, reserved 1163264K
  class space    used 18078K, committed 18688K, reserved 1048576K
}

