# JRE version: OpenJDK Runtime Environment (17.0.6) (build 17.0.6+0-b2043.56-9586694)
# Java VM: OpenJDK 64-Bit Server VM (17.0.6+0-b2043.56-9586694, mixed mode, tiered, compressed oops, compressed class ptrs, g1 gc, windows-amd64)
GC Precious Log:
 CPUs: 12 total, 12 available
 Memory: 8125M
 Large Page Support: Disabled
 NUMA Support: Disabled
 Compressed Oops: Enabled (32-bit)
 Heap Region Size: 1M
 Heap Min Capacity: 8M
 Heap Initial Capacity: 128M
 Heap Max Capacity: 2G
 Pre-touch: Disabled
 Parallel Workers: 10
 Concurrent Workers: 3
 Concurrent Refinement Workers: 10
 Periodic GC: Disabled
Heap:
 garbage-first heap   total 131072K, used 66620K [0x0000000080000000, 0x0000000100000000)
  region size 1024K, 5 young (5120K), 5 survivors (5120K)
 Metaspace       used 81555K, committed 82112K, reserved 1122304K
  class space    used 11113K, committed 11392K, reserved 1048576K
GC Heap History (20 events):
Event: 5.242 GC heap after
{Heap after GC invocations=16 (full 0):
 garbage-first heap   total 82944K, used 44384K [0x0000000080000000, 0x0000000100000000)
  region size 1024K, 1 young (1024K), 1 survivors (1024K)
 Metaspace       used 55621K, committed 56064K, reserved 1097728K
  class space    used 7378K, committed 7552K, reserved 1048576K
}
Event: 5.491 GC heap before
{Heap before GC invocations=17 (full 0):
 garbage-first heap   total 82944K, used 63840K [0x0000000080000000, 0x0000000100000000)
  region size 1024K, 20 young (20480K), 1 survivors (1024K)
 Metaspace       used 58611K, committed 59136K, reserved 1105920K
  class space    used 7773K, committed 8000K, reserved 1048576K
}
Event: 5.492 GC heap after
{Heap after GC invocations=18 (full 0):
 garbage-first heap   total 82944K, used 44874K [0x0000000080000000, 0x0000000100000000)
  region size 1024K, 2 young (2048K), 2 survivors (2048K)
 Metaspace       used 58611K, committed 59136K, reserved 1105920K
  class space    used 7773K, committed 8000K, reserved 1048576K
}
Event: 5.754 GC heap before
{Heap before GC invocations=18 (full 0):
 garbage-first heap   total 82944K, used 60234K [0x0000000080000000, 0x0000000100000000)
  region size 1024K, 18 young (18432K), 2 survivors (2048K)
 Metaspace       used 62348K, committed 62848K, reserved 1105920K
  class space    used 8250K, committed 8448K, reserved 1048576K
}
Event: 5.757 GC heap after
{Heap after GC invocations=19 (full 0):
 garbage-first heap   total 82944K, used 46783K [0x0000000080000000, 0x0000000100000000)
  region size 1024K, 3 young (3072K), 3 survivors (3072K)
 Metaspace       used 62348K, committed 62848K, reserved 1105920K
  class space    used 8250K, committed 8448K, reserved 1048576K
}
Event: 5.796 GC heap before
{Heap before GC invocations=20 (full 0):
 garbage-first heap   total 102400K, used 58047K [0x0000000080000000, 0x0000000100000000)
  region size 1024K, 12 young (12288K), 3 survivors (3072K)
 Metaspace       used 62351K, committed 62848K, reserved 1105920K
  class space    used 8250K, committed 8448K, reserved 1048576K
}
Event: 5.800 GC heap after
{Heap after GC invocations=21 (full 0):
 garbage-first heap   total 102400K, used 52681K [0x0000000080000000, 0x0000000100000000)
  region size 1024K, 3 young (3072K), 3 survivors (3072K)
 Metaspace       used 62351K, committed 62848K, reserved 1105920K
  class space    used 8250K, committed 8448K, reserved 1048576K
}
Event: 6.049 GC heap before
{Heap before GC invocations=22 (full 0):
 garbage-first heap   total 102400K, used 76233K [0x0000000080000000, 0x0000000100000000)
  region size 1024K, 24 young (24576K), 3 survivors (3072K)
 Metaspace       used 64485K, committed 64960K, reserved 1105920K
  class space    used 8523K, committed 8704K, reserved 1048576K
}
Event: 6.052 GC heap after
{Heap after GC invocations=23 (full 0):
 garbage-first heap   total 102400K, used 49985K [0x0000000080000000, 0x0000000100000000)
  region size 1024K, 2 young (2048K), 2 survivors (2048K)
 Metaspace       used 64485K, committed 64960K, reserved 1105920K
  class space    used 8523K, committed 8704K, reserved 1048576K
}
Event: 6.299 GC heap before
{Heap before GC invocations=23 (full 0):
 garbage-first heap   total 102400K, used 73537K [0x0000000080000000, 0x0000000100000000)
  region size 1024K, 26 young (26624K), 2 survivors (2048K)
 Metaspace       used 66538K, committed 67072K, reserved 1114112K
  class space    used 8767K, committed 9024K, reserved 1048576K
}
Event: 6.302 GC heap after
{Heap after GC invocations=24 (full 0):
 garbage-first heap   total 122880K, used 52070K [0x0000000080000000, 0x0000000100000000)
  region size 1024K, 4 young (4096K), 4 survivors (4096K)
 Metaspace       used 66538K, committed 67072K, reserved 1114112K
  class space    used 8767K, committed 9024K, reserved 1048576K
}
Event: 6.567 GC heap before
{Heap before GC invocations=25 (full 0):
 garbage-first heap   total 122880K, used 89958K [0x0000000080000000, 0x0000000100000000)
  region size 1024K, 40 young (40960K), 4 survivors (4096K)
 Metaspace       used 67488K, committed 67968K, reserved 1114112K
  class space    used 8916K, committed 9152K, reserved 1048576K
}
Event: 6.572 GC heap after
{Heap after GC invocations=26 (full 0):
 garbage-first heap   total 122880K, used 54487K [0x0000000080000000, 0x0000000100000000)
  region size 1024K, 5 young (5120K), 5 survivors (5120K)
 Metaspace       used 67488K, committed 67968K, reserved 1114112K
  class space    used 8916K, committed 9152K, reserved 1048576K
}
Event: 6.972 GC heap before
{Heap before GC invocations=26 (full 0):
 garbage-first heap   total 122880K, used 91351K [0x0000000080000000, 0x0000000100000000)
  region size 1024K, 41 young (41984K), 5 survivors (5120K)
 Metaspace       used 71549K, committed 72064K, reserved 1114112K
  class space    used 9668K, committed 9920K, reserved 1048576K
}
Event: 6.977 GC heap after
{Heap after GC invocations=27 (full 0):
 garbage-first heap   total 122880K, used 57364K [0x0000000080000000, 0x0000000100000000)
  region size 1024K, 6 young (6144K), 6 survivors (6144K)
 Metaspace       used 71549K, committed 72064K, reserved 1114112K
  class space    used 9668K, committed 9920K, reserved 1048576K
}
Event: 7.442 GC heap before
{Heap before GC invocations=27 (full 0):
 garbage-first heap   total 122880K, used 93204K [0x0000000080000000, 0x0000000100000000)
  region size 1024K, 41 young (41984K), 6 survivors (6144K)
 Metaspace       used 75176K, committed 75776K, reserved 1122304K
  class space    used 10195K, committed 10432K, reserved 1048576K
}
Event: 7.448 GC heap after
{Heap after GC invocations=28 (full 0):
 garbage-first heap   total 122880K, used 60230K [0x0000000080000000, 0x0000000100000000)
  region size 1024K, 6 young (6144K), 6 survivors (6144K)
 Metaspace       used 75176K, committed 75776K, reserved 1122304K
  class space    used 10195K, committed 10432K, reserved 1048576K
}
Event: 7.902 GC heap before
{Heap before GC invocations=28 (full 0):
 garbage-first heap   total 122880K, used 96070K [0x0000000080000000, 0x0000000100000000)
  region size 1024K, 41 young (41984K), 6 survivors (6144K)
 Metaspace       used 80046K, committed 80640K, reserved 1122304K
  class space    used 10909K, committed 11200K, reserved 1048576K
}
Event: 7.907 GC heap after
{Heap after GC invocations=29 (full 0):
 garbage-first heap   total 122880K, used 63117K [0x0000000080000000, 0x0000000100000000)
  region size 1024K, 6 young (6144K), 6 survivors (6144K)
 Metaspace       used 80046K, committed 80640K, reserved 1122304K
  class space    used 10909K, committed 11200K, reserved 1048576K
}
Event: 8.197 GC heap before
{Heap before GC invocations=29 (full 0):
 garbage-first heap   total 122880K, used 97933K [0x0000000080000000, 0x0000000100000000)
  region size 1024K, 40 young (40960K), 6 survivors (6144K)
 Metaspace       used 81555K, committed 82112K, reserved 1122304K
  class space    used 11113K, committed 11392K, reserved 1048576K
}

