# JRE version: OpenJDK Runtime Environment (17.0.6) (build 17.0.6+0-b2043.56-9586694)
# Java VM: OpenJDK 64-Bit Server VM (17.0.6+0-b2043.56-9586694, mixed mode, tiered, compressed oops, compressed class ptrs, g1 gc, windows-amd64)
GC Precious Log:
 CPUs: 12 total, 12 available
 Memory: 8125M
 Large Page Support: Disabled
 NUMA Support: Disabled
 Compressed Oops: Enabled (32-bit)
 Heap Region Size: 1M
 Heap Min Capacity: 8M
 Heap Initial Capacity: 128M
 Heap Max Capacity: 2G
 Pre-touch: Disabled
 Parallel Workers: 10
 Concurrent Workers: 3
 Concurrent Refinement Workers: 10
 Periodic GC: Disabled
Heap:
 garbage-first heap   total 141312K, used 102967K [0x0000000080000000, 0x0000000100000000)
  region size 1024K, 43 young (44032K), 7 survivors (7168K)
 Metaspace       used 83074K, committed 83712K, reserved 1122304K
  class space    used 11434K, committed 11776K, reserved 1048576K
GC Heap History (20 events):
Event: 4.949 GC heap before
{Heap before GC invocations=15 (full 0):
 garbage-first heap   total 82944K, used 62838K [0x0000000080000000, 0x0000000100000000)
  region size 1024K, 22 young (22528K), 4 survivors (4096K)
 Metaspace       used 55739K, committed 56128K, reserved 1097728K
  class space    used 7398K, committed 7552K, reserved 1048576K
}
Event: 4.952 GC heap after
{Heap after GC invocations=16 (full 0):
 garbage-first heap   total 82944K, used 45438K [0x0000000080000000, 0x0000000100000000)
  region size 1024K, 1 young (1024K), 1 survivors (1024K)
 Metaspace       used 55739K, committed 56128K, reserved 1097728K
  class space    used 7398K, committed 7552K, reserved 1048576K
}
Event: 5.201 GC heap before
{Heap before GC invocations=17 (full 0):
 garbage-first heap   total 82944K, used 64894K [0x0000000080000000, 0x0000000100000000)
  region size 1024K, 20 young (20480K), 1 survivors (1024K)
 Metaspace       used 58691K, committed 59200K, reserved 1105920K
  class space    used 7785K, committed 8000K, reserved 1048576K
}
Event: 5.203 GC heap after
{Heap after GC invocations=18 (full 0):
 garbage-first heap   total 82944K, used 46010K [0x0000000080000000, 0x0000000100000000)
  region size 1024K, 2 young (2048K), 2 survivors (2048K)
 Metaspace       used 58691K, committed 59200K, reserved 1105920K
  class space    used 7785K, committed 8000K, reserved 1048576K
}
Event: 5.444 GC heap before
{Heap before GC invocations=18 (full 0):
 garbage-first heap   total 82944K, used 61370K [0x0000000080000000, 0x0000000100000000)
  region size 1024K, 18 young (18432K), 2 survivors (2048K)
 Metaspace       used 62380K, committed 62848K, reserved 1105920K
  class space    used 8255K, committed 8448K, reserved 1048576K
}
Event: 5.447 GC heap after
{Heap after GC invocations=19 (full 0):
 garbage-first heap   total 82944K, used 47821K [0x0000000080000000, 0x0000000100000000)
  region size 1024K, 3 young (3072K), 3 survivors (3072K)
 Metaspace       used 62380K, committed 62848K, reserved 1105920K
  class space    used 8255K, committed 8448K, reserved 1048576K
}
Event: 5.582 GC heap before
{Heap before GC invocations=20 (full 0):
 garbage-first heap   total 101376K, used 70349K [0x0000000080000000, 0x0000000100000000)
  region size 1024K, 20 young (20480K), 3 survivors (3072K)
 Metaspace       used 63155K, committed 63680K, reserved 1105920K
  class space    used 8371K, committed 8576K, reserved 1048576K
}
Event: 5.585 GC heap after
{Heap after GC invocations=21 (full 0):
 garbage-first heap   total 101376K, used 49771K [0x0000000080000000, 0x0000000100000000)
  region size 1024K, 3 young (3072K), 3 survivors (3072K)
 Metaspace       used 63155K, committed 63680K, reserved 1105920K
  class space    used 8371K, committed 8576K, reserved 1048576K
}
Event: 5.598 GC heap before
{Heap before GC invocations=21 (full 0):
 garbage-first heap   total 101376K, used 50795K [0x0000000080000000, 0x0000000100000000)
  region size 1024K, 4 young (4096K), 3 survivors (3072K)
 Metaspace       used 63347K, committed 63872K, reserved 1105920K
  class space    used 8387K, committed 8576K, reserved 1048576K
}
Event: 5.600 GC heap after
{Heap after GC invocations=22 (full 0):
 garbage-first heap   total 101376K, used 49645K [0x0000000080000000, 0x0000000100000000)
  region size 1024K, 1 young (1024K), 1 survivors (1024K)
 Metaspace       used 63347K, committed 63872K, reserved 1105920K
  class space    used 8387K, committed 8576K, reserved 1048576K
}
Event: 5.856 GC heap before
{Heap before GC invocations=22 (full 0):
 garbage-first heap   total 101376K, used 75245K [0x0000000080000000, 0x0000000100000000)
  region size 1024K, 26 young (26624K), 1 survivors (1024K)
 Metaspace       used 65265K, committed 65792K, reserved 1114112K
  class space    used 8619K, committed 8832K, reserved 1048576K
}
Event: 5.859 GC heap after
{Heap after GC invocations=23 (full 0):
 garbage-first heap   total 141312K, used 52007K [0x0000000080000000, 0x0000000100000000)
  region size 1024K, 3 young (3072K), 3 survivors (3072K)
 Metaspace       used 65265K, committed 65792K, reserved 1114112K
  class space    used 8619K, committed 8832K, reserved 1048576K
}
Event: 6.255 GC heap before
{Heap before GC invocations=24 (full 0):
 garbage-first heap   total 141312K, used 99111K [0x0000000080000000, 0x0000000100000000)
  region size 1024K, 49 young (50176K), 3 survivors (3072K)
 Metaspace       used 67523K, committed 68032K, reserved 1114112K
  class space    used 8920K, committed 9152K, reserved 1048576K
}
Event: 6.258 GC heap after
{Heap after GC invocations=25 (full 0):
 garbage-first heap   total 141312K, used 54777K [0x0000000080000000, 0x0000000100000000)
  region size 1024K, 6 young (6144K), 6 survivors (6144K)
 Metaspace       used 67523K, committed 68032K, reserved 1114112K
  class space    used 8920K, committed 9152K, reserved 1048576K
}
Event: 6.833 GC heap before
{Heap before GC invocations=25 (full 0):
 garbage-first heap   total 141312K, used 104953K [0x0000000080000000, 0x0000000100000000)
  region size 1024K, 55 young (56320K), 6 survivors (6144K)
 Metaspace       used 72988K, committed 73600K, reserved 1114112K
  class space    used 9872K, committed 10176K, reserved 1048576K
}
Event: 6.838 GC heap after
{Heap after GC invocations=26 (full 0):
 garbage-first heap   total 141312K, used 58281K [0x0000000080000000, 0x0000000100000000)
  region size 1024K, 7 young (7168K), 7 survivors (7168K)
 Metaspace       used 72988K, committed 73600K, reserved 1114112K
  class space    used 9872K, committed 10176K, reserved 1048576K
}
Event: 7.422 GC heap before
{Heap before GC invocations=26 (full 0):
 garbage-first heap   total 141312K, used 107433K [0x0000000080000000, 0x0000000100000000)
  region size 1024K, 55 young (56320K), 7 survivors (7168K)
 Metaspace       used 78114K, committed 78720K, reserved 1122304K
  class space    used 10673K, committed 10944K, reserved 1048576K
}
Event: 7.427 GC heap after
{Heap after GC invocations=27 (full 0):
 garbage-first heap   total 141312K, used 61939K [0x0000000080000000, 0x0000000100000000)
  region size 1024K, 7 young (7168K), 7 survivors (7168K)
 Metaspace       used 78114K, committed 78720K, reserved 1122304K
  class space    used 10673K, committed 10944K, reserved 1048576K
}
Event: 7.881 GC heap before
{Heap before GC invocations=27 (full 0):
 garbage-first heap   total 141312K, used 110067K [0x0000000080000000, 0x0000000100000000)
  region size 1024K, 54 young (55296K), 7 survivors (7168K)
 Metaspace       used 81597K, committed 82176K, reserved 1122304K
  class space    used 11117K, committed 11392K, reserved 1048576K
}
Event: 7.888 GC heap after
{Heap after GC invocations=28 (full 0):
 garbage-first heap   total 141312K, used 67127K [0x0000000080000000, 0x0000000100000000)
  region size 1024K, 7 young (7168K), 7 survivors (7168K)
 Metaspace       used 81597K, committed 82176K, reserved 1122304K
  class space    used 11117K, committed 11392K, reserved 1048576K
}

