# JRE version: OpenJDK Runtime Environment (17.0.6) (build 17.0.6+0-b2043.56-9586694)
# Java VM: OpenJDK 64-Bit Server VM (17.0.6+0-b2043.56-9586694, mixed mode, tiered, compressed oops, compressed class ptrs, g1 gc, windows-amd64)
GC Precious Log:
 CPUs: 12 total, 12 available
 Memory: 8125M
 Large Page Support: Disabled
 NUMA Support: Disabled
 Compressed Oops: Enabled (32-bit)
 Heap Region Size: 1M
 Heap Min Capacity: 8M
 Heap Initial Capacity: 128M
 Heap Max Capacity: 2G
 Pre-touch: Disabled
 Parallel Workers: 10
 Concurrent Workers: 3
 Concurrent Refinement Workers: 10
 Periodic GC: Disabled
Heap:
 garbage-first heap   total 121856K, used 76445K [0x0000000080000000, 0x0000000100000000)
  region size 1024K, 12 young (12288K), 5 survivors (5120K)
 Metaspace       used 81598K, committed 82176K, reserved 1122304K
  class space    used 11116K, committed 11392K, reserved 1048576K
GC Heap History (20 events):
Event: 5.842 GC heap before
{Heap before GC invocations=21 (full 0):
 garbage-first heap   total 101376K, used 76146K [0x0000000080000000, 0x0000000100000000)
  region size 1024K, 24 young (24576K), 4 survivors (4096K)
 Metaspace       used 64425K, committed 64896K, reserved 1105920K
  class space    used 8512K, committed 8704K, reserved 1048576K
}
Event: 5.845 GC heap after
{Heap after GC invocations=22 (full 0):
 garbage-first heap   total 101376K, used 52207K [0x0000000080000000, 0x0000000100000000)
  region size 1024K, 2 young (2048K), 2 survivors (2048K)
 Metaspace       used 64425K, committed 64896K, reserved 1105920K
  class space    used 8512K, committed 8704K, reserved 1048576K
}
Event: 6.056 GC heap before
{Heap before GC invocations=22 (full 0):
 garbage-first heap   total 101376K, used 74735K [0x0000000080000000, 0x0000000100000000)
  region size 1024K, 24 young (24576K), 2 survivors (2048K)
 Metaspace       used 66243K, committed 66816K, reserved 1114112K
  class space    used 8743K, committed 9024K, reserved 1048576K
}
Event: 6.059 GC heap after
{Heap after GC invocations=23 (full 0):
 garbage-first heap   total 101376K, used 54188K [0x0000000080000000, 0x0000000100000000)
  region size 1024K, 2 young (2048K), 2 survivors (2048K)
 Metaspace       used 66243K, committed 66816K, reserved 1114112K
  class space    used 8743K, committed 9024K, reserved 1048576K
}
Event: 6.271 GC heap before
{Heap before GC invocations=24 (full 0):
 garbage-first heap   total 101376K, used 77740K [0x0000000080000000, 0x0000000100000000)
  region size 1024K, 25 young (25600K), 2 survivors (2048K)
 Metaspace       used 67482K, committed 68096K, reserved 1114112K
  class space    used 8918K, committed 9216K, reserved 1048576K
}
Event: 6.274 GC heap after
{Heap after GC invocations=25 (full 0):
 garbage-first heap   total 101376K, used 54875K [0x0000000080000000, 0x0000000100000000)
  region size 1024K, 4 young (4096K), 4 survivors (4096K)
 Metaspace       used 67482K, committed 68096K, reserved 1114112K
  class space    used 8918K, committed 9216K, reserved 1048576K
}
Event: 6.280 GC heap before
{Heap before GC invocations=25 (full 0):
 garbage-first heap   total 101376K, used 55899K [0x0000000080000000, 0x0000000100000000)
  region size 1024K, 5 young (5120K), 4 survivors (4096K)
 Metaspace       used 67482K, committed 68096K, reserved 1114112K
  class space    used 8918K, committed 9216K, reserved 1048576K
}
Event: 6.282 GC heap after
{Heap after GC invocations=26 (full 0):
 garbage-first heap   total 121856K, used 54290K [0x0000000080000000, 0x0000000100000000)
  region size 1024K, 1 young (1024K), 1 survivors (1024K)
 Metaspace       used 67482K, committed 68096K, reserved 1114112K
  class space    used 8918K, committed 9216K, reserved 1048576K
}
Event: 6.567 GC heap before
{Heap before GC invocations=26 (full 0):
 garbage-first heap   total 121856K, used 90130K [0x0000000080000000, 0x0000000100000000)
  region size 1024K, 36 young (36864K), 1 survivors (1024K)
 Metaspace       used 69219K, committed 69760K, reserved 1114112K
  class space    used 9161K, committed 9408K, reserved 1048576K
}
Event: 6.569 GC heap after
{Heap after GC invocations=27 (full 0):
 garbage-first heap   total 121856K, used 57005K [0x0000000080000000, 0x0000000100000000)
  region size 1024K, 3 young (3072K), 3 survivors (3072K)
 Metaspace       used 69219K, committed 69760K, reserved 1114112K
  class space    used 9161K, committed 9408K, reserved 1048576K
}
Event: 6.993 GC heap before
{Heap before GC invocations=27 (full 0):
 garbage-first heap   total 121856K, used 92845K [0x0000000080000000, 0x0000000100000000)
  region size 1024K, 38 young (38912K), 3 survivors (3072K)
 Metaspace       used 73508K, committed 74112K, reserved 1114112K
  class space    used 9957K, committed 10240K, reserved 1048576K
}
Event: 6.996 GC heap after
{Heap after GC invocations=28 (full 0):
 garbage-first heap   total 121856K, used 59315K [0x0000000080000000, 0x0000000100000000)
  region size 1024K, 3 young (3072K), 3 survivors (3072K)
 Metaspace       used 73508K, committed 74112K, reserved 1114112K
  class space    used 9957K, committed 10240K, reserved 1048576K
}
Event: 7.429 GC heap before
{Heap before GC invocations=28 (full 0):
 garbage-first heap   total 121856K, used 95155K [0x0000000080000000, 0x0000000100000000)
  region size 1024K, 38 young (38912K), 3 survivors (3072K)
 Metaspace       used 77241K, committed 77760K, reserved 1122304K
  class space    used 10502K, committed 10752K, reserved 1048576K
}
Event: 7.433 GC heap after
{Heap after GC invocations=29 (full 0):
 garbage-first heap   total 121856K, used 61833K [0x0000000080000000, 0x0000000100000000)
  region size 1024K, 5 young (5120K), 5 survivors (5120K)
 Metaspace       used 77241K, committed 77760K, reserved 1122304K
  class space    used 10502K, committed 10752K, reserved 1048576K
}
Event: 7.858 GC heap before
{Heap before GC invocations=30 (full 0):
 garbage-first heap   total 121856K, used 96649K [0x0000000080000000, 0x0000000100000000)
  region size 1024K, 39 young (39936K), 5 survivors (5120K)
 Metaspace       used 81049K, committed 81664K, reserved 1122304K
  class space    used 11046K, committed 11328K, reserved 1048576K
}
Event: 7.863 GC heap after
{Heap after GC invocations=31 (full 0):
 garbage-first heap   total 121856K, used 65119K [0x0000000080000000, 0x0000000100000000)
  region size 1024K, 4 young (4096K), 4 survivors (4096K)
 Metaspace       used 81049K, committed 81664K, reserved 1122304K
  class space    used 11046K, committed 11328K, reserved 1048576K
}
Event: 7.884 GC heap before
{Heap before GC invocations=31 (full 0):
 garbage-first heap   total 121856K, used 66143K [0x0000000080000000, 0x0000000100000000)
  region size 1024K, 5 young (5120K), 4 survivors (4096K)
 Metaspace       used 81209K, committed 81792K, reserved 1122304K
  class space    used 11070K, committed 11328K, reserved 1048576K
}
Event: 7.887 GC heap after
{Heap after GC invocations=32 (full 0):
 garbage-first heap   total 121856K, used 65373K [0x0000000080000000, 0x0000000100000000)
  region size 1024K, 1 young (1024K), 1 survivors (1024K)
 Metaspace       used 81209K, committed 81792K, reserved 1122304K
  class space    used 11070K, committed 11328K, reserved 1048576K
}
Event: 8.067 GC heap before
{Heap before GC invocations=32 (full 0):
 garbage-first heap   total 121856K, used 98141K [0x0000000080000000, 0x0000000100000000)
  region size 1024K, 33 young (33792K), 1 survivors (1024K)
 Metaspace       used 81581K, committed 82176K, reserved 1122304K
  class space    used 11115K, committed 11392K, reserved 1048576K
}
Event: 8.071 GC heap after
{Heap after GC invocations=33 (full 0):
 garbage-first heap   total 121856K, used 70301K [0x0000000080000000, 0x0000000100000000)
  region size 1024K, 5 young (5120K), 5 survivors (5120K)
 Metaspace       used 81581K, committed 82176K, reserved 1122304K
  class space    used 11115K, committed 11392K, reserved 1048576K
}

