# JRE version: OpenJDK Runtime Environment (17.0.6) (build 17.0.6+0-b2043.56-9586694)
# Java VM: OpenJDK 64-Bit Server VM (17.0.6+0-b2043.56-9586694, mixed mode, tiered, compressed oops, compressed class ptrs, g1 gc, windows-amd64)
GC Precious Log:
 CPUs: 12 total, 12 available
 Memory: 8125M
 Large Page Support: Disabled
 NUMA Support: Disabled
 Compressed Oops: Enabled (32-bit)
 Heap Region Size: 1M
 Heap Min Capacity: 8M
 Heap Initial Capacity: 128M
 Heap Max Capacity: 2G
 Pre-touch: Disabled
 Parallel Workers: 10
 Concurrent Workers: 3
 Concurrent Refinement Workers: 10
 Periodic GC: Disabled
Heap:
 garbage-first heap   total 198656K, used 145606K [0x0000000080000000, 0x0000000100000000)
  region size 1024K, 39 young (39936K), 5 survivors (5120K)
 Metaspace       used 98045K, committed 98752K, reserved 1138688K
  class space    used 13254K, committed 13568K, reserved 1048576K
GC Heap History (20 events):
Event: 6.744 GC heap before
{Heap before GC invocations=18 (full 0):
 garbage-first heap   total 157696K, used 122251K [0x0000000080000000, 0x0000000100000000)
  region size 1024K, 76 young (77824K), 7 survivors (7168K)
 Metaspace       used 72000K, committed 72512K, reserved 1114112K
  class space    used 9748K, committed 9984K, reserved 1048576K
}
Event: 6.751 GC heap after
{Heap after GC invocations=19 (full 0):
 garbage-first heap   total 157696K, used 56852K [0x0000000080000000, 0x0000000100000000)
  region size 1024K, 6 young (6144K), 6 survivors (6144K)
 Metaspace       used 72000K, committed 72512K, reserved 1114112K
  class space    used 9748K, committed 9984K, reserved 1048576K
}
Event: 7.585 GC heap before
{Heap before GC invocations=19 (full 0):
 garbage-first heap   total 157696K, used 122388K [0x0000000080000000, 0x0000000100000000)
  region size 1024K, 70 young (71680K), 6 survivors (6144K)
 Metaspace       used 79847K, committed 80384K, reserved 1122304K
  class space    used 10870K, committed 11136K, reserved 1048576K
}
Event: 7.590 GC heap after
{Heap after GC invocations=20 (full 0):
 garbage-first heap   total 157696K, used 62523K [0x0000000080000000, 0x0000000100000000)
  region size 1024K, 6 young (6144K), 6 survivors (6144K)
 Metaspace       used 79847K, committed 80384K, reserved 1122304K
  class space    used 10870K, committed 11136K, reserved 1048576K
}
Event: 8.053 GC heap before
{Heap before GC invocations=20 (full 0):
 garbage-first heap   total 157696K, used 124987K [0x0000000080000000, 0x0000000100000000)
  region size 1024K, 67 young (68608K), 6 survivors (6144K)
 Metaspace       used 81620K, committed 82240K, reserved 1122304K
  class space    used 11111K, committed 11392K, reserved 1048576K
}
Event: 8.061 GC heap after
{Heap after GC invocations=21 (full 0):
 garbage-first heap   total 157696K, used 71198K [0x0000000080000000, 0x0000000100000000)
  region size 1024K, 9 young (9216K), 9 survivors (9216K)
 Metaspace       used 81620K, committed 82240K, reserved 1122304K
  class space    used 11111K, committed 11392K, reserved 1048576K
}
Event: 8.478 GC heap before
{Heap before GC invocations=21 (full 0):
 garbage-first heap   total 157696K, used 123422K [0x0000000080000000, 0x0000000100000000)
  region size 1024K, 61 young (62464K), 9 survivors (9216K)
 Metaspace       used 84283K, committed 84928K, reserved 1122304K
  class space    used 11682K, committed 11968K, reserved 1048576K
}
Event: 8.485 GC heap after
{Heap after GC invocations=22 (full 0):
 garbage-first heap   total 157696K, used 76243K [0x0000000080000000, 0x0000000100000000)
  region size 1024K, 5 young (5120K), 5 survivors (5120K)
 Metaspace       used 84283K, committed 84928K, reserved 1122304K
  class space    used 11682K, committed 11968K, reserved 1048576K
}
Event: 8.819 GC heap before
{Heap before GC invocations=22 (full 0):
 garbage-first heap   total 157696K, used 125395K [0x0000000080000000, 0x0000000100000000)
  region size 1024K, 54 young (55296K), 5 survivors (5120K)
 Metaspace       used 84928K, committed 85568K, reserved 1130496K
  class space    used 11733K, committed 12032K, reserved 1048576K
}
Event: 8.825 GC heap after
{Heap after GC invocations=23 (full 0):
 garbage-first heap   total 157696K, used 80292K [0x0000000080000000, 0x0000000100000000)
  region size 1024K, 5 young (5120K), 5 survivors (5120K)
 Metaspace       used 84928K, committed 85568K, reserved 1130496K
  class space    used 11733K, committed 12032K, reserved 1048576K
}
Event: 9.095 GC heap before
{Heap before GC invocations=24 (full 0):
 garbage-first heap   total 157696K, used 127396K [0x0000000080000000, 0x0000000100000000)
  region size 1024K, 52 young (53248K), 5 survivors (5120K)
 Metaspace       used 85370K, committed 86016K, reserved 1130496K
  class space    used 11764K, committed 12032K, reserved 1048576K
}
Event: 9.100 GC heap after
{Heap after GC invocations=25 (full 0):
 garbage-first heap   total 157696K, used 83528K [0x0000000080000000, 0x0000000100000000)
  region size 1024K, 4 young (4096K), 4 survivors (4096K)
 Metaspace       used 85370K, committed 86016K, reserved 1130496K
  class space    used 11764K, committed 12032K, reserved 1048576K
}
Event: 167.828 GC heap before
{Heap before GC invocations=25 (full 0):
 garbage-first heap   total 157696K, used 128584K [0x0000000080000000, 0x0000000100000000)
  region size 1024K, 49 young (50176K), 4 survivors (4096K)
 Metaspace       used 86425K, committed 87104K, reserved 1130496K
  class space    used 11869K, committed 12160K, reserved 1048576K
}
Event: 167.835 GC heap after
{Heap after GC invocations=26 (full 0):
 garbage-first heap   total 189440K, used 86016K [0x0000000080000000, 0x0000000100000000)
  region size 1024K, 6 young (6144K), 6 survivors (6144K)
 Metaspace       used 86425K, committed 87104K, reserved 1130496K
  class space    used 11869K, committed 12160K, reserved 1048576K
}
Event: 168.730 GC heap before
{Heap before GC invocations=27 (full 0):
 garbage-first heap   total 189440K, used 154624K [0x0000000080000000, 0x0000000100000000)
  region size 1024K, 72 young (73728K), 6 survivors (6144K)
 Metaspace       used 90629K, committed 91328K, reserved 1130496K
  class space    used 12321K, committed 12672K, reserved 1048576K
}
Event: 168.743 GC heap after
{Heap after GC invocations=28 (full 0):
 garbage-first heap   total 189440K, used 105360K [0x0000000080000000, 0x0000000100000000)
  region size 1024K, 9 young (9216K), 9 survivors (9216K)
 Metaspace       used 90629K, committed 91328K, reserved 1130496K
  class space    used 12321K, committed 12672K, reserved 1048576K
}
Event: 168.750 GC heap before
{Heap before GC invocations=28 (full 0):
 garbage-first heap   total 189440K, used 106384K [0x0000000080000000, 0x0000000100000000)
  region size 1024K, 10 young (10240K), 9 survivors (9216K)
 Metaspace       used 90630K, committed 91328K, reserved 1130496K
  class space    used 12321K, committed 12672K, reserved 1048576K
}
Event: 168.757 GC heap after
{Heap after GC invocations=29 (full 0):
 garbage-first heap   total 189440K, used 107046K [0x0000000080000000, 0x0000000100000000)
  region size 1024K, 2 young (2048K), 2 survivors (2048K)
 Metaspace       used 90630K, committed 91328K, reserved 1130496K
  class space    used 12321K, committed 12672K, reserved 1048576K
}
Event: 169.102 GC heap before
{Heap before GC invocations=29 (full 0):
 garbage-first heap   total 189440K, used 159270K [0x0000000080000000, 0x0000000100000000)
  region size 1024K, 39 young (39936K), 2 survivors (2048K)
 Metaspace       used 93430K, committed 94144K, reserved 1130496K
  class space    used 12620K, committed 12928K, reserved 1048576K
}
Event: 169.107 GC heap after
{Heap after GC invocations=30 (full 0):
 garbage-first heap   total 189440K, used 112838K [0x0000000080000000, 0x0000000100000000)
  region size 1024K, 5 young (5120K), 5 survivors (5120K)
 Metaspace       used 93430K, committed 94144K, reserved 1130496K
  class space    used 12620K, committed 12928K, reserved 1048576K
}

