# JRE version: OpenJDK Runtime Environment (17.0.6) (build 17.0.6+0-b2043.56-9586694)
# Java VM: OpenJDK 64-Bit Server VM (17.0.6+0-b2043.56-9586694, mixed mode, tiered, compressed oops, compressed class ptrs, g1 gc, windows-amd64)
GC Precious Log:
 CPUs: 12 total, 12 available
 Memory: 8125M
 Large Page Support: Disabled
 NUMA Support: Disabled
 Compressed Oops: Enabled (32-bit)
 Heap Region Size: 1M
 Heap Min Capacity: 8M
 Heap Initial Capacity: 128M
 Heap Max Capacity: 2G
 Pre-touch: Disabled
 Parallel Workers: 10
 Concurrent Workers: 3
 Concurrent Refinement Workers: 10
 Periodic GC: Disabled
Heap:
 garbage-first heap   total 313344K, used 250077K [0x0000000080000000, 0x0000000100000000)
  region size 1024K, 162 young (165888K), 2 survivors (2048K)
 Metaspace       used 109981K, committed 110720K, reserved 1146880K
  class space    used 15367K, committed 15744K, reserved 1048576K
GC Heap History (20 events):
Event: 7.609 GC heap before
{Heap before GC invocations=28 (full 0):
 garbage-first heap   total 121856K, used 94752K [0x0000000080000000, 0x0000000100000000)
  region size 1024K, 42 young (43008K), 6 survivors (6144K)
 Metaspace       used 75344K, committed 75968K, reserved 1122304K
  class space    used 10216K, committed 10496K, reserved 1048576K
}
Event: 7.614 GC heap after
{Heap after GC invocations=29 (full 0):
 garbage-first heap   total 121856K, used 60877K [0x0000000080000000, 0x0000000100000000)
  region size 1024K, 6 young (6144K), 6 survivors (6144K)
 Metaspace       used 75344K, committed 75968K, reserved 1122304K
  class space    used 10216K, committed 10496K, reserved 1048576K
}
Event: 8.063 GC heap before
{Heap before GC invocations=29 (full 0):
 garbage-first heap   total 121856K, used 95693K [0x0000000080000000, 0x0000000100000000)
  region size 1024K, 40 young (40960K), 6 survivors (6144K)
 Metaspace       used 80133K, committed 80768K, reserved 1122304K
  class space    used 10921K, committed 11200K, reserved 1048576K
}
Event: 8.069 GC heap after
{Heap after GC invocations=30 (full 0):
 garbage-first heap   total 121856K, used 63430K [0x0000000080000000, 0x0000000100000000)
  region size 1024K, 3 young (3072K), 3 survivors (3072K)
 Metaspace       used 80133K, committed 80768K, reserved 1122304K
  class space    used 10921K, committed 11200K, reserved 1048576K
}
Event: 8.353 GC heap before
{Heap before GC invocations=31 (full 0):
 garbage-first heap   total 121856K, used 97222K [0x0000000080000000, 0x0000000100000000)
  region size 1024K, 36 young (36864K), 3 survivors (3072K)
 Metaspace       used 81538K, committed 82176K, reserved 1122304K
  class space    used 11113K, committed 11392K, reserved 1048576K
}
Event: 8.358 GC heap after
{Heap after GC invocations=32 (full 0):
 garbage-first heap   total 121856K, used 67366K [0x0000000080000000, 0x0000000100000000)
  region size 1024K, 5 young (5120K), 5 survivors (5120K)
 Metaspace       used 81538K, committed 82176K, reserved 1122304K
  class space    used 11113K, committed 11392K, reserved 1048576K
}
Event: 8.533 GC heap before
{Heap before GC invocations=32 (full 0):
 garbage-first heap   total 121856K, used 98086K [0x0000000080000000, 0x0000000100000000)
  region size 1024K, 35 young (35840K), 5 survivors (5120K)
 Metaspace       used 81788K, committed 82432K, reserved 1122304K
  class space    used 11160K, committed 11456K, reserved 1048576K
}
Event: 8.539 GC heap after
{Heap after GC invocations=33 (full 0):
 garbage-first heap   total 156672K, used 72581K [0x0000000080000000, 0x0000000100000000)
  region size 1024K, 5 young (5120K), 5 survivors (5120K)
 Metaspace       used 81788K, committed 82432K, reserved 1122304K
  class space    used 11160K, committed 11456K, reserved 1048576K
}
Event: 8.932 GC heap before
{Heap before GC invocations=34 (full 0):
 garbage-first heap   total 156672K, used 120709K [0x0000000080000000, 0x0000000100000000)
  region size 1024K, 53 young (54272K), 5 survivors (5120K)
 Metaspace       used 84243K, committed 84928K, reserved 1122304K
  class space    used 11682K, committed 11968K, reserved 1048576K
}
Event: 8.938 GC heap after
{Heap after GC invocations=35 (full 0):
 garbage-first heap   total 156672K, used 76534K [0x0000000080000000, 0x0000000100000000)
  region size 1024K, 4 young (4096K), 4 survivors (4096K)
 Metaspace       used 84243K, committed 84928K, reserved 1122304K
  class space    used 11682K, committed 11968K, reserved 1048576K
}
Event: 8.949 GC heap before
{Heap before GC invocations=35 (full 0):
 garbage-first heap   total 156672K, used 79606K [0x0000000080000000, 0x0000000100000000)
  region size 1024K, 7 young (7168K), 4 survivors (4096K)
 Metaspace       used 84254K, committed 84928K, reserved 1122304K
  class space    used 11682K, committed 11968K, reserved 1048576K
}
Event: 8.954 GC heap after
{Heap after GC invocations=36 (full 0):
 garbage-first heap   total 156672K, used 77190K [0x0000000080000000, 0x0000000100000000)
  region size 1024K, 1 young (1024K), 1 survivors (1024K)
 Metaspace       used 84254K, committed 84928K, reserved 1122304K
  class space    used 11682K, committed 11968K, reserved 1048576K
}
Event: 9.239 GC heap before
{Heap before GC invocations=36 (full 0):
 garbage-first heap   total 156672K, used 123270K [0x0000000080000000, 0x0000000100000000)
  region size 1024K, 47 young (48128K), 1 survivors (1024K)
 Metaspace       used 84855K, committed 85504K, reserved 1130496K
  class space    used 11732K, committed 12032K, reserved 1048576K
}
Event: 9.243 GC heap after
{Heap after GC invocations=37 (full 0):
 garbage-first heap   total 156672K, used 80195K [0x0000000080000000, 0x0000000100000000)
  region size 1024K, 4 young (4096K), 4 survivors (4096K)
 Metaspace       used 84855K, committed 85504K, reserved 1130496K
  class space    used 11732K, committed 12032K, reserved 1048576K
}
Event: 9.681 GC heap before
{Heap before GC invocations=38 (full 0):
 garbage-first heap   total 156672K, used 124227K [0x0000000080000000, 0x0000000100000000)
  region size 1024K, 48 young (49152K), 4 survivors (4096K)
 Metaspace       used 88117K, committed 88704K, reserved 1130496K
  class space    used 12115K, committed 12416K, reserved 1048576K
}
Event: 9.687 GC heap after
{Heap after GC invocations=39 (full 0):
 garbage-first heap   total 156672K, used 84978K [0x0000000080000000, 0x0000000100000000)
  region size 1024K, 5 young (5120K), 5 survivors (5120K)
 Metaspace       used 88117K, committed 88704K, reserved 1130496K
  class space    used 12115K, committed 12416K, reserved 1048576K
}
Event: 9.745 GC heap before
{Heap before GC invocations=39 (full 0):
 garbage-first heap   total 156672K, used 86002K [0x0000000080000000, 0x0000000100000000)
  region size 1024K, 7 young (7168K), 5 survivors (5120K)
 Metaspace       used 88308K, committed 88960K, reserved 1130496K
  class space    used 12145K, committed 12416K, reserved 1048576K
}
Event: 9.750 GC heap after
{Heap after GC invocations=40 (full 0):
 garbage-first heap   total 156672K, used 84987K [0x0000000080000000, 0x0000000100000000)
  region size 1024K, 1 young (1024K), 1 survivors (1024K)
 Metaspace       used 88308K, committed 88960K, reserved 1130496K
  class space    used 12145K, committed 12416K, reserved 1048576K
}
Event: 10.001 GC heap before
{Heap before GC invocations=40 (full 0):
 garbage-first heap   total 156672K, used 104443K [0x0000000080000000, 0x0000000100000000)
  region size 1024K, 22 young (22528K), 1 survivors (1024K)
 Metaspace       used 93269K, committed 93888K, reserved 1130496K
  class space    used 12759K, committed 13056K, reserved 1048576K
}
Event: 10.005 GC heap after
{Heap after GC invocations=41 (full 0):
 garbage-first heap   total 313344K, used 86237K [0x0000000080000000, 0x0000000100000000)
  region size 1024K, 2 young (2048K), 2 survivors (2048K)
 Metaspace       used 93269K, committed 93888K, reserved 1130496K
  class space    used 12759K, committed 13056K, reserved 1048576K
}

