# JRE version: OpenJDK Runtime Environment (17.0.6) (build 17.0.6+0-b2043.56-9586694)
# Java VM: OpenJDK 64-Bit Server VM (17.0.6+0-b2043.56-9586694, mixed mode, tiered, compressed oops, compressed class ptrs, g1 gc, windows-amd64)
GC Precious Log:
 CPUs: 12 total, 12 available
 Memory: 8125M
 Large Page Support: Disabled
 NUMA Support: Disabled
 Compressed Oops: Enabled (32-bit)
 Heap Region Size: 1M
 Heap Min Capacity: 8M
 Heap Initial Capacity: 128M
 Heap Max Capacity: 2G
 Pre-touch: Disabled
 Parallel Workers: 10
 Concurrent Workers: 3
 Concurrent Refinement Workers: 10
 Periodic GC: Disabled
Heap:
 garbage-first heap   total 137216K, used 93127K [0x0000000080000000, 0x0000000100000000)
  region size 1024K, 44 young (45056K), 6 survivors (6144K)
 Metaspace       used 71917K, committed 72448K, reserved 1114112K
  class space    used 9733K, committed 9984K, reserved 1048576K
GC Heap History (20 events):
Event: 4.133 GC heap before
{Heap before GC invocations=12 (full 0):
 garbage-first heap   total 82944K, used 62265K [0x0000000080000000, 0x0000000100000000)
  region size 1024K, 31 young (31744K), 3 survivors (3072K)
 Metaspace       used 48675K, committed 49152K, reserved 1097728K
  class space    used 6440K, committed 6656K, reserved 1048576K
}
Event: 4.136 GC heap after
{Heap after GC invocations=13 (full 0):
 garbage-first heap   total 82944K, used 33830K [0x0000000080000000, 0x0000000100000000)
  region size 1024K, 4 young (4096K), 4 survivors (4096K)
 Metaspace       used 48675K, committed 49152K, reserved 1097728K
  class space    used 6440K, committed 6656K, reserved 1048576K
}
Event: 4.515 GC heap before
{Heap before GC invocations=13 (full 0):
 garbage-first heap   total 82944K, used 63526K [0x0000000080000000, 0x0000000100000000)
  region size 1024K, 33 young (33792K), 4 survivors (4096K)
 Metaspace       used 51252K, committed 51712K, reserved 1097728K
  class space    used 6791K, committed 6976K, reserved 1048576K
}
Event: 4.518 GC heap after
{Heap after GC invocations=14 (full 0):
 garbage-first heap   total 82944K, used 36256K [0x0000000080000000, 0x0000000100000000)
  region size 1024K, 4 young (4096K), 4 survivors (4096K)
 Metaspace       used 51252K, committed 51712K, reserved 1097728K
  class space    used 6791K, committed 6976K, reserved 1048576K
}
Event: 4.768 GC heap before
{Heap before GC invocations=14 (full 0):
 garbage-first heap   total 82944K, used 65952K [0x0000000080000000, 0x0000000100000000)
  region size 1024K, 31 young (31744K), 4 survivors (4096K)
 Metaspace       used 52528K, committed 52928K, reserved 1097728K
  class space    used 6937K, committed 7104K, reserved 1048576K
}
Event: 4.771 GC heap after
{Heap after GC invocations=15 (full 0):
 garbage-first heap   total 82944K, used 43827K [0x0000000080000000, 0x0000000100000000)
  region size 1024K, 4 young (4096K), 4 survivors (4096K)
 Metaspace       used 52528K, committed 52928K, reserved 1097728K
  class space    used 6937K, committed 7104K, reserved 1048576K
}
Event: 4.984 GC heap before
{Heap before GC invocations=15 (full 0):
 garbage-first heap   total 82944K, used 62259K [0x0000000080000000, 0x0000000100000000)
  region size 1024K, 22 young (22528K), 4 survivors (4096K)
 Metaspace       used 54958K, committed 55424K, reserved 1097728K
  class space    used 7288K, committed 7488K, reserved 1048576K
}
Event: 4.986 GC heap after
{Heap after GC invocations=16 (full 0):
 garbage-first heap   total 82944K, used 44978K [0x0000000080000000, 0x0000000100000000)
  region size 1024K, 1 young (1024K), 1 survivors (1024K)
 Metaspace       used 54958K, committed 55424K, reserved 1097728K
  class space    used 7288K, committed 7488K, reserved 1048576K
}
Event: 5.250 GC heap before
{Heap before GC invocations=17 (full 0):
 garbage-first heap   total 82944K, used 64434K [0x0000000080000000, 0x0000000100000000)
  region size 1024K, 20 young (20480K), 1 survivors (1024K)
 Metaspace       used 58006K, committed 58496K, reserved 1105920K
  class space    used 7660K, committed 7872K, reserved 1048576K
}
Event: 5.252 GC heap after
{Heap after GC invocations=18 (full 0):
 garbage-first heap   total 82944K, used 45534K [0x0000000080000000, 0x0000000100000000)
  region size 1024K, 2 young (2048K), 2 survivors (2048K)
 Metaspace       used 58006K, committed 58496K, reserved 1105920K
  class space    used 7660K, committed 7872K, reserved 1048576K
}
Event: 5.575 GC heap before
{Heap before GC invocations=18 (full 0):
 garbage-first heap   total 82944K, used 64990K [0x0000000080000000, 0x0000000100000000)
  region size 1024K, 21 young (21504K), 2 survivors (2048K)
 Metaspace       used 62303K, committed 62784K, reserved 1105920K
  class space    used 8245K, committed 8448K, reserved 1048576K
}
Event: 5.579 GC heap after
{Heap after GC invocations=19 (full 0):
 garbage-first heap   total 82944K, used 47432K [0x0000000080000000, 0x0000000100000000)
  region size 1024K, 3 young (3072K), 3 survivors (3072K)
 Metaspace       used 62303K, committed 62784K, reserved 1105920K
  class space    used 8245K, committed 8448K, reserved 1048576K
}
Event: 5.717 GC heap before
{Heap before GC invocations=20 (full 0):
 garbage-first heap   total 89088K, used 69960K [0x0000000080000000, 0x0000000100000000)
  region size 1024K, 20 young (20480K), 3 survivors (3072K)
 Metaspace       used 62851K, committed 63424K, reserved 1105920K
  class space    used 8333K, committed 8576K, reserved 1048576K
}
Event: 5.721 GC heap after
{Heap after GC invocations=21 (full 0):
 garbage-first heap   total 89088K, used 49610K [0x0000000080000000, 0x0000000100000000)
  region size 1024K, 3 young (3072K), 3 survivors (3072K)
 Metaspace       used 62851K, committed 63424K, reserved 1105920K
  class space    used 8333K, committed 8576K, reserved 1048576K
}
Event: 5.731 GC heap before
{Heap before GC invocations=21 (full 0):
 garbage-first heap   total 89088K, used 50634K [0x0000000080000000, 0x0000000100000000)
  region size 1024K, 4 young (4096K), 3 survivors (3072K)
 Metaspace       used 62994K, committed 63488K, reserved 1105920K
  class space    used 8353K, committed 8576K, reserved 1048576K
}
Event: 5.732 GC heap after
{Heap after GC invocations=22 (full 0):
 garbage-first heap   total 89088K, used 49976K [0x0000000080000000, 0x0000000100000000)
  region size 1024K, 1 young (1024K), 1 survivors (1024K)
 Metaspace       used 62994K, committed 63488K, reserved 1105920K
  class space    used 8353K, committed 8576K, reserved 1048576K
}
Event: 5.971 GC heap before
{Heap before GC invocations=22 (full 0):
 garbage-first heap   total 89088K, used 70456K [0x0000000080000000, 0x0000000100000000)
  region size 1024K, 21 young (21504K), 1 survivors (1024K)
 Metaspace       used 65037K, committed 65472K, reserved 1105920K
  class space    used 8586K, committed 8768K, reserved 1048576K
}
Event: 5.973 GC heap after
{Heap after GC invocations=23 (full 0):
 garbage-first heap   total 137216K, used 51000K [0x0000000080000000, 0x0000000100000000)
  region size 1024K, 2 young (2048K), 2 survivors (2048K)
 Metaspace       used 65037K, committed 65472K, reserved 1105920K
  class space    used 8586K, committed 8768K, reserved 1048576K
}
Event: 6.448 GC heap before
{Heap before GC invocations=24 (full 0):
 garbage-first heap   total 137216K, used 107320K [0x0000000080000000, 0x0000000100000000)
  region size 1024K, 57 young (58368K), 2 survivors (2048K)
 Metaspace       used 67501K, committed 68032K, reserved 1114112K
  class space    used 8918K, committed 9152K, reserved 1048576K
}
Event: 6.452 GC heap after
{Heap after GC invocations=25 (full 0):
 garbage-first heap   total 137216K, used 55239K [0x0000000080000000, 0x0000000100000000)
  region size 1024K, 6 young (6144K), 6 survivors (6144K)
 Metaspace       used 67501K, committed 68032K, reserved 1114112K
  class space    used 8918K, committed 9152K, reserved 1048576K
}

