# JRE version: OpenJDK Runtime Environment (17.0.6) (build 17.0.6+0-b2043.56-9586694)
# Java VM: OpenJDK 64-Bit Server VM (17.0.6+0-b2043.56-9586694, mixed mode, tiered, compressed oops, compressed class ptrs, g1 gc, windows-amd64)
GC Precious Log:
 CPUs: 12 total, 12 available
 Memory: 8125M
 Large Page Support: Disabled
 NUMA Support: Disabled
 Compressed Oops: Enabled (32-bit)
 Heap Region Size: 1M
 Heap Min Capacity: 8M
 Heap Initial Capacity: 128M
 Heap Max Capacity: 2G
 Pre-touch: Disabled
 Parallel Workers: 10
 Concurrent Workers: 3
 Concurrent Refinement Workers: 10
 Periodic GC: Disabled
Heap:
 garbage-first heap   total 276480K, used 145145K [0x0000000080000000, 0x0000000100000000)
  region size 1024K, 51 young (52224K), 2 survivors (2048K)
 Metaspace       used 104482K, committed 105216K, reserved 1146880K
  class space    used 14636K, committed 14976K, reserved 1048576K
GC Heap History (20 events):
Event: 7.785 GC heap before
{Heap before GC invocations=27 (full 0):
 garbage-first heap   total 121856K, used 97048K [0x0000000080000000, 0x0000000100000000)
  region size 1024K, 41 young (41984K), 5 survivors (5120K)
 Metaspace       used 80602K, committed 81216K, reserved 1122304K
  class space    used 10984K, committed 11264K, reserved 1048576K
}
Event: 7.790 GC heap after
{Heap after GC invocations=28 (full 0):
 garbage-first heap   total 121856K, used 63168K [0x0000000080000000, 0x0000000100000000)
  region size 1024K, 6 young (6144K), 6 survivors (6144K)
 Metaspace       used 80602K, committed 81216K, reserved 1122304K
  class space    used 10984K, committed 11264K, reserved 1048576K
}
Event: 8.039 GC heap before
{Heap before GC invocations=29 (full 0):
 garbage-first heap   total 121856K, used 99008K [0x0000000080000000, 0x0000000100000000)
  region size 1024K, 41 young (41984K), 6 survivors (6144K)
 Metaspace       used 81573K, committed 82176K, reserved 1122304K
  class space    used 11122K, committed 11392K, reserved 1048576K
}
Event: 8.046 GC heap after
{Heap after GC invocations=30 (full 0):
 garbage-first heap   total 121856K, used 67706K [0x0000000080000000, 0x0000000100000000)
  region size 1024K, 6 young (6144K), 6 survivors (6144K)
 Metaspace       used 81573K, committed 82176K, reserved 1122304K
  class space    used 11122K, committed 11392K, reserved 1048576K
}
Event: 8.332 GC heap before
{Heap before GC invocations=30 (full 0):
 garbage-first heap   total 121856K, used 98426K [0x0000000080000000, 0x0000000100000000)
  region size 1024K, 36 young (36864K), 6 survivors (6144K)
 Metaspace       used 83302K, committed 83968K, reserved 1122304K
  class space    used 11474K, committed 11776K, reserved 1048576K
}
Event: 8.338 GC heap after
{Heap after GC invocations=31 (full 0):
 garbage-first heap   total 121856K, used 72406K [0x0000000080000000, 0x0000000100000000)
  region size 1024K, 5 young (5120K), 5 survivors (5120K)
 Metaspace       used 83302K, committed 83968K, reserved 1122304K
  class space    used 11474K, committed 11776K, reserved 1048576K
}
Event: 8.521 GC heap before
{Heap before GC invocations=32 (full 0):
 garbage-first heap   total 128000K, used 98006K [0x0000000080000000, 0x0000000100000000)
  region size 1024K, 31 young (31744K), 5 survivors (5120K)
 Metaspace       used 84193K, committed 84800K, reserved 1130496K
  class space    used 11697K, committed 11968K, reserved 1048576K
}
Event: 8.526 GC heap after
{Heap after GC invocations=33 (full 0):
 garbage-first heap   total 128000K, used 75043K [0x0000000080000000, 0x0000000100000000)
  region size 1024K, 3 young (3072K), 3 survivors (3072K)
 Metaspace       used 84193K, committed 84800K, reserved 1130496K
  class space    used 11697K, committed 11968K, reserved 1048576K
}
Event: 8.653 GC heap before
{Heap before GC invocations=33 (full 0):
 garbage-first heap   total 128000K, used 102691K [0x0000000080000000, 0x0000000100000000)
  region size 1024K, 31 young (31744K), 3 survivors (3072K)
 Metaspace       used 84373K, committed 84992K, reserved 1130496K
  class space    used 11703K, committed 11968K, reserved 1048576K
}
Event: 8.657 GC heap after
{Heap after GC invocations=34 (full 0):
 garbage-first heap   total 128000K, used 77023K [0x0000000080000000, 0x0000000100000000)
  region size 1024K, 3 young (3072K), 3 survivors (3072K)
 Metaspace       used 84373K, committed 84992K, reserved 1130496K
  class space    used 11703K, committed 11968K, reserved 1048576K
}
Event: 8.861 GC heap before
{Heap before GC invocations=35 (full 0):
 garbage-first heap   total 138240K, used 103647K [0x0000000080000000, 0x0000000100000000)
  region size 1024K, 30 young (30720K), 3 survivors (3072K)
 Metaspace       used 84836K, committed 85504K, reserved 1130496K
  class space    used 11747K, committed 12032K, reserved 1048576K
}
Event: 8.865 GC heap after
{Heap after GC invocations=36 (full 0):
 garbage-first heap   total 138240K, used 79120K [0x0000000080000000, 0x0000000100000000)
  region size 1024K, 4 young (4096K), 4 survivors (4096K)
 Metaspace       used 84836K, committed 85504K, reserved 1130496K
  class space    used 11747K, committed 12032K, reserved 1048576K
}
Event: 8.871 GC heap before
{Heap before GC invocations=36 (full 0):
 garbage-first heap   total 138240K, used 81168K [0x0000000080000000, 0x0000000100000000)
  region size 1024K, 6 young (6144K), 4 survivors (4096K)
 Metaspace       used 84842K, committed 85504K, reserved 1130496K
  class space    used 11747K, committed 12032K, reserved 1048576K
}
Event: 8.874 GC heap after
{Heap after GC invocations=37 (full 0):
 garbage-first heap   total 138240K, used 79145K [0x0000000080000000, 0x0000000100000000)
  region size 1024K, 1 young (1024K), 1 survivors (1024K)
 Metaspace       used 84842K, committed 85504K, reserved 1130496K
  class space    used 11747K, committed 12032K, reserved 1048576K
}
Event: 9.082 GC heap before
{Heap before GC invocations=37 (full 0):
 garbage-first heap   total 138240K, used 112937K [0x0000000080000000, 0x0000000100000000)
  region size 1024K, 35 young (35840K), 1 survivors (1024K)
 Metaspace       used 85259K, committed 85888K, reserved 1130496K
  class space    used 11777K, committed 12032K, reserved 1048576K
}
Event: 9.087 GC heap after
{Heap after GC invocations=38 (full 0):
 garbage-first heap   total 276480K, used 80869K [0x0000000080000000, 0x0000000100000000)
  region size 1024K, 3 young (3072K), 3 survivors (3072K)
 Metaspace       used 85259K, committed 85888K, reserved 1130496K
  class space    used 11777K, committed 12032K, reserved 1048576K
}
Event: 10.415 GC heap before
{Heap before GC invocations=39 (full 0):
 garbage-first heap   total 276480K, used 217061K [0x0000000080000000, 0x0000000100000000)
  region size 1024K, 136 young (139264K), 3 survivors (3072K)
 Metaspace       used 101433K, committed 102144K, reserved 1138688K
  class space    used 14235K, committed 14592K, reserved 1048576K
}
Event: 10.421 GC heap after
{Heap after GC invocations=40 (full 0):
 garbage-first heap   total 276480K, used 86573K [0x0000000080000000, 0x0000000100000000)
  region size 1024K, 8 young (8192K), 8 survivors (8192K)
 Metaspace       used 101433K, committed 102144K, reserved 1138688K
  class space    used 14235K, committed 14592K, reserved 1048576K
}
Event: 10.469 GC heap before
{Heap before GC invocations=40 (full 0):
 garbage-first heap   total 276480K, used 91693K [0x0000000080000000, 0x0000000100000000)
  region size 1024K, 13 young (13312K), 8 survivors (8192K)
 Metaspace       used 101692K, committed 102336K, reserved 1138688K
  class space    used 14268K, committed 14592K, reserved 1048576K
}
Event: 10.475 GC heap after
{Heap after GC invocations=41 (full 0):
 garbage-first heap   total 276480K, used 87801K [0x0000000080000000, 0x0000000100000000)
  region size 1024K, 2 young (2048K), 2 survivors (2048K)
 Metaspace       used 101692K, committed 102336K, reserved 1138688K
  class space    used 14268K, committed 14592K, reserved 1048576K
}

