# JRE version: OpenJDK Runtime Environment (17.0.6) (build 17.0.6+0-b2043.56-9586694)
# Java VM: OpenJDK 64-Bit Server VM (17.0.6+0-b2043.56-9586694, mixed mode, tiered, compressed oops, compressed class ptrs, g1 gc, windows-amd64)
GC Precious Log:
 CPUs: 12 total, 12 available
 Memory: 8125M
 Large Page Support: Disabled
 NUMA Support: Disabled
 Compressed Oops: Enabled (32-bit)
 Heap Region Size: 1M
 Heap Min Capacity: 8M
 Heap Initial Capacity: 128M
 Heap Max Capacity: 2G
 Pre-touch: Disabled
 Parallel Workers: 10
 Concurrent Workers: 3
 Concurrent Refinement Workers: 10
 Periodic GC: Disabled
Heap:
 garbage-first heap   total 140288K, used 93766K [0x0000000080000000, 0x0000000100000000)
  region size 1024K, 1 young (1024K), 1 survivors (1024K)
 Metaspace       used 88380K, committed 88960K, reserved 1130496K
  class space    used 12157K, committed 12416K, reserved 1048576K
GC Heap History (20 events):
Event: 6.398 GC heap after
{Heap after GC invocations=26 (full 0):
 garbage-first heap   total 124928K, used 55911K [0x0000000080000000, 0x0000000100000000)
  region size 1024K, 4 young (4096K), 4 survivors (4096K)
 Metaspace       used 68557K, committed 69120K, reserved 1114112K
  class space    used 9052K, committed 9344K, reserved 1048576K
}
Event: 6.887 GC heap before
{Heap before GC invocations=27 (full 0):
 garbage-first heap   total 124928K, used 93799K [0x0000000080000000, 0x0000000100000000)
  region size 1024K, 41 young (41984K), 4 survivors (4096K)
 Metaspace       used 73138K, committed 73728K, reserved 1114112K
  class space    used 9894K, committed 10176K, reserved 1048576K
}
Event: 6.891 GC heap after
{Heap after GC invocations=28 (full 0):
 garbage-first heap   total 124928K, used 58301K [0x0000000080000000, 0x0000000100000000)
  region size 1024K, 5 young (5120K), 5 survivors (5120K)
 Metaspace       used 73138K, committed 73728K, reserved 1114112K
  class space    used 9894K, committed 10176K, reserved 1048576K
}
Event: 7.340 GC heap before
{Heap before GC invocations=28 (full 0):
 garbage-first heap   total 124928K, used 95165K [0x0000000080000000, 0x0000000100000000)
  region size 1024K, 41 young (41984K), 5 survivors (5120K)
 Metaspace       used 76632K, committed 77184K, reserved 1122304K
  class space    used 10417K, committed 10688K, reserved 1048576K
}
Event: 7.345 GC heap after
{Heap after GC invocations=29 (full 0):
 garbage-first heap   total 124928K, used 61171K [0x0000000080000000, 0x0000000100000000)
  region size 1024K, 6 young (6144K), 6 survivors (6144K)
 Metaspace       used 76632K, committed 77184K, reserved 1122304K
  class space    used 10417K, committed 10688K, reserved 1048576K
}
Event: 7.780 GC heap before
{Heap before GC invocations=29 (full 0):
 garbage-first heap   total 124928K, used 97011K [0x0000000080000000, 0x0000000100000000)
  region size 1024K, 41 young (41984K), 6 survivors (6144K)
 Metaspace       used 80927K, committed 81536K, reserved 1122304K
  class space    used 11028K, committed 11328K, reserved 1048576K
}
Event: 7.785 GC heap after
{Heap after GC invocations=30 (full 0):
 garbage-first heap   total 124928K, used 64281K [0x0000000080000000, 0x0000000100000000)
  region size 1024K, 6 young (6144K), 6 survivors (6144K)
 Metaspace       used 80927K, committed 81536K, reserved 1122304K
  class space    used 11028K, committed 11328K, reserved 1048576K
}
Event: 8.021 GC heap before
{Heap before GC invocations=31 (full 0):
 garbage-first heap   total 124928K, used 99097K [0x0000000080000000, 0x0000000100000000)
  region size 1024K, 40 young (40960K), 6 survivors (6144K)
 Metaspace       used 81588K, committed 82176K, reserved 1122304K
  class space    used 11111K, committed 11392K, reserved 1048576K
}
Event: 8.027 GC heap after
{Heap after GC invocations=32 (full 0):
 garbage-first heap   total 124928K, used 69222K [0x0000000080000000, 0x0000000100000000)
  region size 1024K, 5 young (5120K), 5 survivors (5120K)
 Metaspace       used 81588K, committed 82176K, reserved 1122304K
  class space    used 11111K, committed 11392K, reserved 1048576K
}
Event: 8.360 GC heap before
{Heap before GC invocations=32 (full 0):
 garbage-first heap   total 124928K, used 99942K [0x0000000080000000, 0x0000000100000000)
  region size 1024K, 35 young (35840K), 5 survivors (5120K)
 Metaspace       used 83570K, committed 84160K, reserved 1122304K
  class space    used 11491K, committed 11776K, reserved 1048576K
}
Event: 8.366 GC heap after
{Heap after GC invocations=33 (full 0):
 garbage-first heap   total 124928K, used 73858K [0x0000000080000000, 0x0000000100000000)
  region size 1024K, 5 young (5120K), 5 survivors (5120K)
 Metaspace       used 83570K, committed 84160K, reserved 1122304K
  class space    used 11491K, committed 11776K, reserved 1048576K
}
Event: 8.489 GC heap before
{Heap before GC invocations=34 (full 0):
 garbage-first heap   total 140288K, used 99458K [0x0000000080000000, 0x0000000100000000)
  region size 1024K, 31 young (31744K), 5 survivors (5120K)
 Metaspace       used 84218K, committed 84800K, reserved 1122304K
  class space    used 11680K, committed 11968K, reserved 1048576K
}
Event: 8.493 GC heap after
{Heap after GC invocations=35 (full 0):
 garbage-first heap   total 140288K, used 76039K [0x0000000080000000, 0x0000000100000000)
  region size 1024K, 3 young (3072K), 3 survivors (3072K)
 Metaspace       used 84218K, committed 84800K, reserved 1122304K
  class space    used 11680K, committed 11968K, reserved 1048576K
}
Event: 8.503 GC heap before
{Heap before GC invocations=35 (full 0):
 garbage-first heap   total 140288K, used 78087K [0x0000000080000000, 0x0000000100000000)
  region size 1024K, 6 young (6144K), 3 survivors (3072K)
 Metaspace       used 84235K, committed 84800K, reserved 1122304K
  class space    used 11681K, committed 11968K, reserved 1048576K
}
Event: 8.507 GC heap after
{Heap after GC invocations=36 (full 0):
 garbage-first heap   total 140288K, used 75884K [0x0000000080000000, 0x0000000100000000)
  region size 1024K, 1 young (1024K), 1 survivors (1024K)
 Metaspace       used 84235K, committed 84800K, reserved 1122304K
  class space    used 11681K, committed 11968K, reserved 1048576K
}
Event: 8.733 GC heap before
{Heap before GC invocations=36 (full 0):
 garbage-first heap   total 140288K, used 103532K [0x0000000080000000, 0x0000000100000000)
  region size 1024K, 30 young (30720K), 1 survivors (1024K)
 Metaspace       used 85759K, committed 86336K, reserved 1130496K
  class space    used 11839K, committed 12096K, reserved 1048576K
}
Event: 8.735 GC heap after
{Heap after GC invocations=37 (full 0):
 garbage-first heap   total 140288K, used 77477K [0x0000000080000000, 0x0000000100000000)
  region size 1024K, 3 young (3072K), 3 survivors (3072K)
 Metaspace       used 85759K, committed 86336K, reserved 1130496K
  class space    used 11839K, committed 12096K, reserved 1048576K
}
Event: 9.210 GC heap before
{Heap before GC invocations=38 (full 0):
 garbage-first heap   total 140288K, used 115365K [0x0000000080000000, 0x0000000100000000)
  region size 1024K, 39 young (39936K), 3 survivors (3072K)
 Metaspace       used 88378K, committed 88960K, reserved 1130496K
  class space    used 12157K, committed 12416K, reserved 1048576K
}
Event: 9.218 GC heap after
{Heap after GC invocations=39 (full 0):
 garbage-first heap   total 140288K, used 92125K [0x0000000080000000, 0x0000000100000000)
  region size 1024K, 5 young (5120K), 5 survivors (5120K)
 Metaspace       used 88378K, committed 88960K, reserved 1130496K
  class space    used 12157K, committed 12416K, reserved 1048576K
}
Event: 9.232 GC heap before
{Heap before GC invocations=39 (full 0):
 garbage-first heap   total 140288K, used 93149K [0x0000000080000000, 0x0000000100000000)
  region size 1024K, 6 young (6144K), 5 survivors (5120K)
 Metaspace       used 88380K, committed 88960K, reserved 1130496K
  class space    used 12157K, committed 12416K, reserved 1048576K
}

