# JRE version: OpenJDK Runtime Environment (17.0.6) (build 17.0.6+0-b2043.56-9586694)
# Java VM: OpenJDK 64-Bit Server VM (17.0.6+0-b2043.56-9586694, mixed mode, tiered, compressed oops, compressed class ptrs, g1 gc, windows-amd64)
GC Precious Log:
 CPUs: 12 total, 12 available
 Memory: 8125M
 Large Page Support: Disabled
 NUMA Support: Disabled
 Compressed Oops: Enabled (32-bit)
 Heap Region Size: 1M
 Heap Min Capacity: 8M
 Heap Initial Capacity: 128M
 Heap Max Capacity: 2G
 Pre-touch: Disabled
 Parallel Workers: 10
 Concurrent Workers: 3
 Concurrent Refinement Workers: 10
 Periodic GC: Disabled
Heap:
 garbage-first heap   total 259072K, used 159967K [0x0000000080000000, 0x0000000100000000)
  region size 1024K, 83 young (84992K), 6 survivors (6144K)
 Metaspace       used 96862K, committed 97536K, reserved 1138688K
  class space    used 13159K, committed 13440K, reserved 1048576K
GC Heap History (20 events):
Event: 6.733 GC heap before
{Heap before GC invocations=23 (full 0):
 garbage-first heap   total 102400K, used 75303K [0x0000000080000000, 0x0000000100000000)
  region size 1024K, 25 young (25600K), 2 survivors (2048K)
 Metaspace       used 66360K, committed 66944K, reserved 1114112K
  class space    used 8753K, committed 9024K, reserved 1048576K
}
Event: 6.737 GC heap after
{Heap after GC invocations=24 (full 0):
 garbage-first heap   total 102400K, used 53670K [0x0000000080000000, 0x0000000100000000)
  region size 1024K, 4 young (4096K), 4 survivors (4096K)
 Metaspace       used 66360K, committed 66944K, reserved 1114112K
  class space    used 8753K, committed 9024K, reserved 1048576K
}
Event: 6.778 GC heap before
{Heap before GC invocations=25 (full 0):
 garbage-first heap   total 102400K, used 53670K [0x0000000080000000, 0x0000000100000000)
  region size 1024K, 7 young (7168K), 4 survivors (4096K)
 Metaspace       used 66598K, committed 67136K, reserved 1114112K
  class space    used 8769K, committed 9024K, reserved 1048576K
}
Event: 6.780 GC heap after
{Heap after GC invocations=26 (full 0):
 garbage-first heap   total 122880K, used 53270K [0x0000000080000000, 0x0000000100000000)
  region size 1024K, 3 young (3072K), 3 survivors (3072K)
 Metaspace       used 66598K, committed 67136K, reserved 1114112K
  class space    used 8769K, committed 9024K, reserved 1048576K
}
Event: 7.050 GC heap before
{Heap before GC invocations=26 (full 0):
 garbage-first heap   total 122880K, used 91158K [0x0000000080000000, 0x0000000100000000)
  region size 1024K, 39 young (39936K), 3 survivors (3072K)
 Metaspace       used 67545K, committed 68032K, reserved 1114112K
  class space    used 8919K, committed 9152K, reserved 1048576K
}
Event: 7.053 GC heap after
{Heap after GC invocations=27 (full 0):
 garbage-first heap   total 122880K, used 55349K [0x0000000080000000, 0x0000000100000000)
  region size 1024K, 5 young (5120K), 5 survivors (5120K)
 Metaspace       used 67545K, committed 68032K, reserved 1114112K
  class space    used 8919K, committed 9152K, reserved 1048576K
}
Event: 7.517 GC heap before
{Heap before GC invocations=27 (full 0):
 garbage-first heap   total 122880K, used 92213K [0x0000000080000000, 0x0000000100000000)
  region size 1024K, 41 young (41984K), 5 survivors (5120K)
 Metaspace       used 71656K, committed 72192K, reserved 1114112K
  class space    used 9676K, committed 9920K, reserved 1048576K
}
Event: 7.521 GC heap after
{Heap after GC invocations=28 (full 0):
 garbage-first heap   total 122880K, used 58211K [0x0000000080000000, 0x0000000100000000)
  region size 1024K, 6 young (6144K), 6 survivors (6144K)
 Metaspace       used 71656K, committed 72192K, reserved 1114112K
  class space    used 9676K, committed 9920K, reserved 1048576K
}
Event: 7.985 GC heap before
{Heap before GC invocations=28 (full 0):
 garbage-first heap   total 122880K, used 94051K [0x0000000080000000, 0x0000000100000000)
  region size 1024K, 41 young (41984K), 6 survivors (6144K)
 Metaspace       used 75194K, committed 75712K, reserved 1122304K
  class space    used 10184K, committed 10432K, reserved 1048576K
}
Event: 7.990 GC heap after
{Heap after GC invocations=29 (full 0):
 garbage-first heap   total 122880K, used 61410K [0x0000000080000000, 0x0000000100000000)
  region size 1024K, 6 young (6144K), 6 survivors (6144K)
 Metaspace       used 75194K, committed 75712K, reserved 1122304K
  class space    used 10184K, committed 10432K, reserved 1048576K
}
Event: 8.462 GC heap before
{Heap before GC invocations=29 (full 0):
 garbage-first heap   total 122880K, used 97250K [0x0000000080000000, 0x0000000100000000)
  region size 1024K, 41 young (41984K), 6 survivors (6144K)
 Metaspace       used 80133K, committed 80768K, reserved 1122304K
  class space    used 10912K, committed 11200K, reserved 1048576K
}
Event: 8.467 GC heap after
{Heap after GC invocations=30 (full 0):
 garbage-first heap   total 122880K, used 63989K [0x0000000080000000, 0x0000000100000000)
  region size 1024K, 6 young (6144K), 6 survivors (6144K)
 Metaspace       used 80133K, committed 80768K, reserved 1122304K
  class space    used 10912K, committed 11200K, reserved 1048576K
}
Event: 8.762 GC heap before
{Heap before GC invocations=31 (full 0):
 garbage-first heap   total 122880K, used 97781K [0x0000000080000000, 0x0000000100000000)
  region size 1024K, 39 young (39936K), 6 survivors (6144K)
 Metaspace       used 81561K, committed 82112K, reserved 1122304K
  class space    used 11108K, committed 11392K, reserved 1048576K
}
Event: 8.767 GC heap after
{Heap after GC invocations=32 (full 0):
 garbage-first heap   total 122880K, used 67271K [0x0000000080000000, 0x0000000100000000)
  region size 1024K, 5 young (5120K), 5 survivors (5120K)
 Metaspace       used 81561K, committed 82112K, reserved 1122304K
  class space    used 11108K, committed 11392K, reserved 1048576K
}
Event: 8.772 GC heap before
{Heap before GC invocations=32 (full 0):
 garbage-first heap   total 122880K, used 68295K [0x0000000080000000, 0x0000000100000000)
  region size 1024K, 6 young (6144K), 5 survivors (5120K)
 Metaspace       used 81561K, committed 82112K, reserved 1122304K
  class space    used 11108K, committed 11392K, reserved 1048576K
}
Event: 8.777 GC heap after
{Heap after GC invocations=33 (full 0):
 garbage-first heap   total 259072K, used 68559K [0x0000000080000000, 0x0000000100000000)
  region size 1024K, 1 young (1024K), 1 survivors (1024K)
 Metaspace       used 81561K, committed 82112K, reserved 1122304K
  class space    used 11108K, committed 11392K, reserved 1048576K
}
Event: 9.851 GC heap before
{Heap before GC invocations=33 (full 0):
 garbage-first heap   total 259072K, used 197583K [0x0000000080000000, 0x0000000100000000)
  region size 1024K, 126 young (129024K), 1 survivors (1024K)
 Metaspace       used 87074K, committed 87680K, reserved 1130496K
  class space    used 12003K, committed 12288K, reserved 1048576K
}
Event: 9.861 GC heap after
{Heap after GC invocations=34 (full 0):
 garbage-first heap   total 259072K, used 84492K [0x0000000080000000, 0x0000000100000000)
  region size 1024K, 15 young (15360K), 15 survivors (15360K)
 Metaspace       used 87074K, committed 87680K, reserved 1130496K
  class space    used 12003K, committed 12288K, reserved 1048576K
}
Event: 10.829 GC heap before
{Heap before GC invocations=34 (full 0):
 garbage-first heap   total 259072K, used 207372K [0x0000000080000000, 0x0000000100000000)
  region size 1024K, 121 young (123904K), 15 survivors (15360K)
 Metaspace       used 91950K, committed 92608K, reserved 1130496K
  class space    used 12514K, committed 12864K, reserved 1048576K
}
Event: 10.838 GC heap after
{Heap after GC invocations=35 (full 0):
 garbage-first heap   total 259072K, used 83167K [0x0000000080000000, 0x0000000100000000)
  region size 1024K, 6 young (6144K), 6 survivors (6144K)
 Metaspace       used 91950K, committed 92608K, reserved 1130496K
  class space    used 12514K, committed 12864K, reserved 1048576K
}

