# JRE version: OpenJDK Runtime Environment (17.0.6) (build 17.0.6+0-b2043.56-9586694)
# Java VM: OpenJDK 64-Bit Server VM (17.0.6+0-b2043.56-9586694, mixed mode, tiered, compressed oops, compressed class ptrs, g1 gc, windows-amd64)
GC Precious Log:
 CPUs: 12 total, 12 available
 Memory: 8125M
 Large Page Support: Disabled
 NUMA Support: Disabled
 Compressed Oops: Enabled (32-bit)
 Heap Region Size: 1M
 Heap Min Capacity: 8M
 Heap Initial Capacity: 128M
 Heap Max Capacity: 2G
 Pre-touch: Disabled
 Parallel Workers: 10
 Concurrent Workers: 3
 Concurrent Refinement Workers: 10
 Periodic GC: Disabled
Heap:
 garbage-first heap   total 152576K, used 90279K [0x0000000080000000, 0x0000000100000000)
  region size 1024K, 6 young (6144K), 6 survivors (6144K)
 Metaspace       used 88053K, committed 88704K, reserved 1130496K
  class space    used 11991K, committed 12288K, reserved 1048576K
GC Heap History (20 events):
Event: 8.087 GC heap after
{Heap after GC invocations=27 (full 0):
 garbage-first heap   total 125952K, used 64068K [0x0000000080000000, 0x0000000100000000)
  region size 1024K, 6 young (6144K), 6 survivors (6144K)
 Metaspace       used 80839K, committed 81472K, reserved 1122304K
  class space    used 11015K, committed 11328K, reserved 1048576K
}
Event: 8.345 GC heap before
{Heap before GC invocations=27 (full 0):
 garbage-first heap   total 125952K, used 99908K [0x0000000080000000, 0x0000000100000000)
  region size 1024K, 41 young (41984K), 6 survivors (6144K)
 Metaspace       used 81592K, committed 82240K, reserved 1122304K
  class space    used 11109K, committed 11392K, reserved 1048576K
}
Event: 8.352 GC heap after
{Heap after GC invocations=28 (full 0):
 garbage-first heap   total 125952K, used 69050K [0x0000000080000000, 0x0000000100000000)
  region size 1024K, 6 young (6144K), 6 survivors (6144K)
 Metaspace       used 81592K, committed 82240K, reserved 1122304K
  class space    used 11109K, committed 11392K, reserved 1048576K
}
Event: 8.776 GC heap before
{Heap before GC invocations=29 (full 0):
 garbage-first heap   total 126976K, used 99770K [0x0000000080000000, 0x0000000100000000)
  region size 1024K, 37 young (37888K), 6 survivors (6144K)
 Metaspace       used 83556K, committed 84224K, reserved 1122304K
  class space    used 11491K, committed 11776K, reserved 1048576K
}
Event: 8.783 GC heap after
{Heap after GC invocations=30 (full 0):
 garbage-first heap   total 126976K, used 73538K [0x0000000080000000, 0x0000000100000000)
  region size 1024K, 5 young (5120K), 5 survivors (5120K)
 Metaspace       used 83556K, committed 84224K, reserved 1122304K
  class space    used 11491K, committed 11776K, reserved 1048576K
}
Event: 8.789 GC heap before
{Heap before GC invocations=30 (full 0):
 garbage-first heap   total 126976K, used 74562K [0x0000000080000000, 0x0000000100000000)
  region size 1024K, 6 young (6144K), 5 survivors (5120K)
 Metaspace       used 83610K, committed 84224K, reserved 1122304K
  class space    used 11502K, committed 11776K, reserved 1048576K
}
Event: 8.794 GC heap after
{Heap after GC invocations=31 (full 0):
 garbage-first heap   total 152576K, used 74091K [0x0000000080000000, 0x0000000100000000)
  region size 1024K, 1 young (1024K), 1 survivors (1024K)
 Metaspace       used 83610K, committed 84224K, reserved 1122304K
  class space    used 11502K, committed 11776K, reserved 1048576K
}
Event: 9.043 GC heap before
{Heap before GC invocations=31 (full 0):
 garbage-first heap   total 152576K, used 120171K [0x0000000080000000, 0x0000000100000000)
  region size 1024K, 47 young (48128K), 1 survivors (1024K)
 Metaspace       used 84362K, committed 85056K, reserved 1122304K
  class space    used 11683K, committed 11968K, reserved 1048576K
}
Event: 9.047 GC heap after
{Heap after GC invocations=32 (full 0):
 garbage-first heap   total 152576K, used 76417K [0x0000000080000000, 0x0000000100000000)
  region size 1024K, 4 young (4096K), 4 survivors (4096K)
 Metaspace       used 84362K, committed 85056K, reserved 1122304K
  class space    used 11683K, committed 11968K, reserved 1048576K
}
Event: 9.386 GC heap before
{Heap before GC invocations=33 (full 0):
 garbage-first heap   total 152576K, used 120449K [0x0000000080000000, 0x0000000100000000)
  region size 1024K, 48 young (49152K), 4 survivors (4096K)
 Metaspace       used 84965K, committed 85632K, reserved 1130496K
  class space    used 11735K, committed 12032K, reserved 1048576K
}
Event: 9.392 GC heap after
{Heap after GC invocations=34 (full 0):
 garbage-first heap   total 152576K, used 79646K [0x0000000080000000, 0x0000000100000000)
  region size 1024K, 6 young (6144K), 6 survivors (6144K)
 Metaspace       used 84965K, committed 85632K, reserved 1130496K
  class space    used 11735K, committed 12032K, reserved 1048576K
}
Event: 9.423 GC heap before
{Heap before GC invocations=34 (full 0):
 garbage-first heap   total 152576K, used 80670K [0x0000000080000000, 0x0000000100000000)
  region size 1024K, 7 young (7168K), 6 survivors (6144K)
 Metaspace       used 85063K, committed 85696K, reserved 1130496K
  class space    used 11753K, committed 12032K, reserved 1048576K
}
Event: 9.428 GC heap after
{Heap after GC invocations=35 (full 0):
 garbage-first heap   total 152576K, used 80420K [0x0000000080000000, 0x0000000100000000)
  region size 1024K, 1 young (1024K), 1 survivors (1024K)
 Metaspace       used 85063K, committed 85696K, reserved 1130496K
  class space    used 11753K, committed 12032K, reserved 1048576K
}
Event: 9.627 GC heap before
{Heap before GC invocations=35 (full 0):
 garbage-first heap   total 152576K, used 122404K [0x0000000080000000, 0x0000000100000000)
  region size 1024K, 43 young (44032K), 1 survivors (1024K)
 Metaspace       used 85333K, committed 85952K, reserved 1130496K
  class space    used 11760K, committed 12032K, reserved 1048576K
}
Event: 9.631 GC heap after
{Heap after GC invocations=36 (full 0):
 garbage-first heap   total 152576K, used 82190K [0x0000000080000000, 0x0000000100000000)
  region size 1024K, 3 young (3072K), 3 survivors (3072K)
 Metaspace       used 85333K, committed 85952K, reserved 1130496K
  class space    used 11760K, committed 12032K, reserved 1048576K
}
Event: 150.370 GC heap before
{Heap before GC invocations=37 (full 0):
 garbage-first heap   total 152576K, used 124174K [0x0000000080000000, 0x0000000100000000)
  region size 1024K, 45 young (46080K), 3 survivors (3072K)
 Metaspace       used 86417K, committed 87104K, reserved 1130496K
  class space    used 11864K, committed 12160K, reserved 1048576K
}
Event: 150.375 GC heap after
{Heap after GC invocations=38 (full 0):
 garbage-first heap   total 152576K, used 85244K [0x0000000080000000, 0x0000000100000000)
  region size 1024K, 6 young (6144K), 6 survivors (6144K)
 Metaspace       used 86417K, committed 87104K, reserved 1130496K
  class space    used 11864K, committed 12160K, reserved 1048576K
}
Event: 150.377 GC heap before
{Heap before GC invocations=38 (full 0):
 garbage-first heap   total 152576K, used 86268K [0x0000000080000000, 0x0000000100000000)
  region size 1024K, 7 young (7168K), 6 survivors (6144K)
 Metaspace       used 86417K, committed 87104K, reserved 1130496K
  class space    used 11864K, committed 12160K, reserved 1048576K
}
Event: 150.381 GC heap after
{Heap after GC invocations=39 (full 0):
 garbage-first heap   total 152576K, used 84732K [0x0000000080000000, 0x0000000100000000)
  region size 1024K, 1 young (1024K), 1 survivors (1024K)
 Metaspace       used 86417K, committed 87104K, reserved 1130496K
  class space    used 11864K, committed 12160K, reserved 1048576K
}
Event: 150.847 GC heap before
{Heap before GC invocations=39 (full 0):
 garbage-first heap   total 152576K, used 124668K [0x0000000080000000, 0x0000000100000000)
  region size 1024K, 41 young (41984K), 1 survivors (1024K)
 Metaspace       used 88053K, committed 88704K, reserved 1130496K
  class space    used 11991K, committed 12288K, reserved 1048576K
}

