# JRE version: OpenJDK Runtime Environment (17.0.6) (build 17.0.6+0-b2043.56-9586694)
# Java VM: OpenJDK 64-Bit Server VM (17.0.6+0-b2043.56-9586694, mixed mode, tiered, compressed oops, compressed class ptrs, g1 gc, windows-amd64)
GC Precious Log:
 CPUs: 12 total, 12 available
 Memory: 8125M
 Large Page Support: Disabled
 NUMA Support: Disabled
 Compressed Oops: Enabled (32-bit)
 Heap Region Size: 1M
 Heap Min Capacity: 8M
 Heap Initial Capacity: 128M
 Heap Max Capacity: 2G
 Pre-touch: Disabled
 Parallel Workers: 10
 Concurrent Workers: 3
 Concurrent Refinement Workers: 10
 Periodic GC: Disabled
Heap:
 garbage-first heap   total 162816K, used 125620K [0x0000000080000000, 0x0000000100000000)
  region size 1024K, 7 young (7168K), 4 survivors (4096K)
 Metaspace       used 89070K, committed 89728K, reserved 1130496K
  class space    used 12169K, committed 12480K, reserved 1048576K
GC Heap History (20 events):
Event: 7.602 GC heap before
{Heap before GC invocations=26 (full 0):
 garbage-first heap   total 125952K, used 99042K [0x0000000080000000, 0x0000000100000000)
  region size 1024K, 43 young (44032K), 6 survivors (6144K)
 Metaspace       used 80176K, committed 80768K, reserved 1122304K
  class space    used 10938K, committed 11200K, reserved 1048576K
}
Event: 7.607 GC heap after
{Heap after GC invocations=27 (full 0):
 garbage-first heap   total 125952K, used 63932K [0x0000000080000000, 0x0000000100000000)
  region size 1024K, 3 young (3072K), 3 survivors (3072K)
 Metaspace       used 80176K, committed 80768K, reserved 1122304K
  class space    used 10938K, committed 11200K, reserved 1048576K
}
Event: 7.901 GC heap before
{Heap before GC invocations=27 (full 0):
 garbage-first heap   total 125952K, used 100796K [0x0000000080000000, 0x0000000100000000)
  region size 1024K, 39 young (39936K), 3 survivors (3072K)
 Metaspace       used 81585K, committed 82176K, reserved 1122304K
  class space    used 11125K, committed 11392K, reserved 1048576K
}
Event: 7.905 GC heap after
{Heap after GC invocations=28 (full 0):
 garbage-first heap   total 125952K, used 68320K [0x0000000080000000, 0x0000000100000000)
  region size 1024K, 5 young (5120K), 5 survivors (5120K)
 Metaspace       used 81585K, committed 82176K, reserved 1122304K
  class space    used 11125K, committed 11392K, reserved 1048576K
}
Event: 8.172 GC heap before
{Heap before GC invocations=29 (full 0):
 garbage-first heap   total 126976K, used 101088K [0x0000000080000000, 0x0000000100000000)
  region size 1024K, 37 young (37888K), 5 survivors (5120K)
 Metaspace       used 82771K, committed 83328K, reserved 1122304K
  class space    used 11377K, committed 11648K, reserved 1048576K
}
Event: 8.178 GC heap after
{Heap after GC invocations=30 (full 0):
 garbage-first heap   total 126976K, used 73658K [0x0000000080000000, 0x0000000100000000)
  region size 1024K, 5 young (5120K), 5 survivors (5120K)
 Metaspace       used 82771K, committed 83328K, reserved 1122304K
  class space    used 11377K, committed 11648K, reserved 1048576K
}
Event: 8.407 GC heap before
{Heap before GC invocations=30 (full 0):
 garbage-first heap   total 126976K, used 101306K [0x0000000080000000, 0x0000000100000000)
  region size 1024K, 33 young (33792K), 5 survivors (5120K)
 Metaspace       used 84208K, committed 84800K, reserved 1122304K
  class space    used 11700K, committed 11968K, reserved 1048576K
}
Event: 8.412 GC heap after
{Heap after GC invocations=31 (full 0):
 garbage-first heap   total 152576K, used 76665K [0x0000000080000000, 0x0000000100000000)
  region size 1024K, 3 young (3072K), 3 survivors (3072K)
 Metaspace       used 84208K, committed 84800K, reserved 1122304K
  class space    used 11700K, committed 11968K, reserved 1048576K
}
Event: 8.906 GC heap before
{Heap before GC invocations=32 (full 0):
 garbage-first heap   total 153600K, used 120697K [0x0000000080000000, 0x0000000100000000)
  region size 1024K, 47 young (48128K), 3 survivors (3072K)
 Metaspace       used 86539K, committed 87104K, reserved 1130496K
  class space    used 11926K, committed 12160K, reserved 1048576K
}
Event: 8.910 GC heap after
{Heap after GC invocations=33 (full 0):
 garbage-first heap   total 153600K, used 78909K [0x0000000080000000, 0x0000000100000000)
  region size 1024K, 6 young (6144K), 6 survivors (6144K)
 Metaspace       used 86539K, committed 87104K, reserved 1130496K
  class space    used 11926K, committed 12160K, reserved 1048576K
}
Event: 8.926 GC heap before
{Heap before GC invocations=33 (full 0):
 garbage-first heap   total 153600K, used 79933K [0x0000000080000000, 0x0000000100000000)
  region size 1024K, 7 young (7168K), 6 survivors (6144K)
 Metaspace       used 86748K, committed 87360K, reserved 1130496K
  class space    used 11949K, committed 12224K, reserved 1048576K
}
Event: 8.929 GC heap after
{Heap after GC invocations=34 (full 0):
 garbage-first heap   total 153600K, used 78823K [0x0000000080000000, 0x0000000100000000)
  region size 1024K, 1 young (1024K), 1 survivors (1024K)
 Metaspace       used 86748K, committed 87360K, reserved 1130496K
  class space    used 11949K, committed 12224K, reserved 1048576K
}
Event: 9.444 GC heap before
{Heap before GC invocations=34 (full 0):
 garbage-first heap   total 153600K, used 106471K [0x0000000080000000, 0x0000000100000000)
  region size 1024K, 30 young (30720K), 1 survivors (1024K)
 Metaspace       used 88070K, committed 88704K, reserved 1130496K
  class space    used 12085K, committed 12352K, reserved 1048576K
}
Event: 9.448 GC heap after
{Heap after GC invocations=35 (full 0):
 garbage-first heap   total 153600K, used 86452K [0x0000000080000000, 0x0000000100000000)
  region size 1024K, 6 young (6144K), 6 survivors (6144K)
 Metaspace       used 88070K, committed 88704K, reserved 1130496K
  class space    used 12085K, committed 12352K, reserved 1048576K
}
Event: 9.898 GC heap before
{Heap before GC invocations=36 (full 0):
 garbage-first heap   total 162816K, used 131508K [0x0000000080000000, 0x0000000100000000)
  region size 1024K, 40 young (40960K), 6 survivors (6144K)
 Metaspace       used 88734K, committed 89344K, reserved 1130496K
  class space    used 12143K, committed 12416K, reserved 1048576K
}
Event: 9.907 GC heap after
{Heap after GC invocations=37 (full 0):
 garbage-first heap   total 162816K, used 99735K [0x0000000080000000, 0x0000000100000000)
  region size 1024K, 5 young (5120K), 5 survivors (5120K)
 Metaspace       used 88734K, committed 89344K, reserved 1130496K
  class space    used 12143K, committed 12416K, reserved 1048576K
}
Event: 9.954 GC heap before
{Heap before GC invocations=37 (full 0):
 garbage-first heap   total 162816K, used 101783K [0x0000000080000000, 0x0000000100000000)
  region size 1024K, 7 young (7168K), 5 survivors (5120K)
 Metaspace       used 88738K, committed 89344K, reserved 1130496K
  class space    used 12143K, committed 12416K, reserved 1048576K
}
Event: 9.958 GC heap after
{Heap after GC invocations=38 (full 0):
 garbage-first heap   total 162816K, used 101193K [0x0000000080000000, 0x0000000100000000)
  region size 1024K, 1 young (1024K), 1 survivors (1024K)
 Metaspace       used 88738K, committed 89344K, reserved 1130496K
  class space    used 12143K, committed 12416K, reserved 1048576K
}
Event: 10.417 GC heap before
{Heap before GC invocations=38 (full 0):
 garbage-first heap   total 162816K, used 128841K [0x0000000080000000, 0x0000000100000000)
  region size 1024K, 28 young (28672K), 1 survivors (1024K)
 Metaspace       used 88878K, committed 89536K, reserved 1130496K
  class space    used 12155K, committed 12480K, reserved 1048576K
}
Event: 10.423 GC heap after
{Heap after GC invocations=39 (full 0):
 garbage-first heap   total 162816K, used 108212K [0x0000000080000000, 0x0000000100000000)
  region size 1024K, 4 young (4096K), 4 survivors (4096K)
 Metaspace       used 88878K, committed 89536K, reserved 1130496K
  class space    used 12155K, committed 12480K, reserved 1048576K
}

