# JRE version: OpenJDK Runtime Environment (17.0.6) (build 17.0.6+0-b2043.56-9586694)
# Java VM: OpenJDK 64-Bit Server VM (17.0.6+0-b2043.56-9586694, mixed mode, tiered, compressed oops, compressed class ptrs, g1 gc, windows-amd64)
GC Precious Log:
 CPUs: 12 total, 12 available
 Memory: 8125M
 Large Page Support: Disabled
 NUMA Support: Disabled
 Compressed Oops: Enabled (32-bit)
 Heap Region Size: 1M
 Heap Min Capacity: 8M
 Heap Initial Capacity: 128M
 Heap Max Capacity: 2G
 Pre-touch: Disabled
 Parallel Workers: 10
 Concurrent Workers: 3
 Concurrent Refinement Workers: 10
 Periodic GC: Disabled
Heap:
 garbage-first heap   total 206848K, used 162278K [0x0000000080000000, 0x0000000100000000)
  region size 1024K, 58 young (59392K), 5 survivors (5120K)
 Metaspace       used 119625K, committed 120448K, reserved 1155072K
  class space    used 16934K, committed 17344K, reserved 1048576K
GC Heap History (20 events):
Event: 8.051 GC heap before
{Heap before GC invocations=27 (full 0):
 garbage-first heap   total 103424K, used 82153K [0x0000000080000000, 0x0000000100000000)
  region size 1024K, 29 young (29696K), 1 survivors (1024K)
 Metaspace       used 68793K, committed 69312K, reserved 1114112K
  class space    used 9099K, committed 9344K, reserved 1048576K
}
Event: 8.054 GC heap after
{Heap after GC invocations=28 (full 0):
 garbage-first heap   total 103424K, used 55932K [0x0000000080000000, 0x0000000100000000)
  region size 1024K, 3 young (3072K), 3 survivors (3072K)
 Metaspace       used 68793K, committed 69312K, reserved 1114112K
  class space    used 9099K, committed 9344K, reserved 1048576K
}
Event: 8.392 GC heap before
{Heap before GC invocations=29 (full 0):
 garbage-first heap   total 103424K, used 82556K [0x0000000080000000, 0x0000000100000000)
  region size 1024K, 29 young (29696K), 3 survivors (3072K)
 Metaspace       used 72278K, committed 72832K, reserved 1114112K
  class space    used 9781K, committed 10048K, reserved 1048576K
}
Event: 8.396 GC heap after
{Heap after GC invocations=30 (full 0):
 garbage-first heap   total 103424K, used 57641K [0x0000000080000000, 0x0000000100000000)
  region size 1024K, 2 young (2048K), 2 survivors (2048K)
 Metaspace       used 72278K, committed 72832K, reserved 1114112K
  class space    used 9781K, committed 10048K, reserved 1048576K
}
Event: 8.439 GC heap before
{Heap before GC invocations=30 (full 0):
 garbage-first heap   total 103424K, used 60713K [0x0000000080000000, 0x0000000100000000)
  region size 1024K, 5 young (5120K), 2 survivors (2048K)
 Metaspace       used 72573K, committed 73152K, reserved 1114112K
  class space    used 9816K, committed 10112K, reserved 1048576K
}
Event: 8.442 GC heap after
{Heap after GC invocations=31 (full 0):
 garbage-first heap   total 206848K, used 57649K [0x0000000080000000, 0x0000000100000000)
  region size 1024K, 1 young (1024K), 1 survivors (1024K)
 Metaspace       used 72573K, committed 73152K, reserved 1114112K
  class space    used 9816K, committed 10112K, reserved 1048576K
}
Event: 9.607 GC heap before
{Heap before GC invocations=31 (full 0):
 garbage-first heap   total 206848K, used 163121K [0x0000000080000000, 0x0000000100000000)
  region size 1024K, 104 young (106496K), 1 survivors (1024K)
 Metaspace       used 81580K, committed 82240K, reserved 1122304K
  class space    used 11114K, committed 11392K, reserved 1048576K
}
Event: 9.614 GC heap after
{Heap after GC invocations=32 (full 0):
 garbage-first heap   total 206848K, used 67323K [0x0000000080000000, 0x0000000100000000)
  region size 1024K, 10 young (10240K), 10 survivors (10240K)
 Metaspace       used 81580K, committed 82240K, reserved 1122304K
  class space    used 11114K, committed 11392K, reserved 1048576K
}
Event: 10.191 GC heap before
{Heap before GC invocations=32 (full 0):
 garbage-first heap   total 206848K, used 156411K [0x0000000080000000, 0x0000000100000000)
  region size 1024K, 98 young (100352K), 10 survivors (10240K)
 Metaspace       used 84352K, committed 84992K, reserved 1122304K
  class space    used 11689K, committed 11968K, reserved 1048576K
}
Event: 10.202 GC heap after
{Heap after GC invocations=33 (full 0):
 garbage-first heap   total 206848K, used 76227K [0x0000000080000000, 0x0000000100000000)
  region size 1024K, 9 young (9216K), 9 survivors (9216K)
 Metaspace       used 84352K, committed 84992K, reserved 1122304K
  class space    used 11689K, committed 11968K, reserved 1048576K
}
Event: 10.755 GC heap before
{Heap before GC invocations=33 (full 0):
 garbage-first heap   total 206848K, used 160195K [0x0000000080000000, 0x0000000100000000)
  region size 1024K, 92 young (94208K), 9 survivors (9216K)
 Metaspace       used 87204K, committed 87872K, reserved 1130496K
  class space    used 12007K, committed 12288K, reserved 1048576K
}
Event: 10.763 GC heap after
{Heap after GC invocations=34 (full 0):
 garbage-first heap   total 206848K, used 82197K [0x0000000080000000, 0x0000000100000000)
  region size 1024K, 7 young (7168K), 7 survivors (7168K)
 Metaspace       used 87204K, committed 87872K, reserved 1130496K
  class space    used 12007K, committed 12288K, reserved 1048576K
}
Event: 12.643 GC heap before
{Heap before GC invocations=34 (full 0):
 garbage-first heap   total 206848K, used 162069K [0x0000000080000000, 0x0000000100000000)
  region size 1024K, 86 young (88064K), 7 survivors (7168K)
 Metaspace       used 92174K, committed 92864K, reserved 1130496K
  class space    used 12643K, committed 12928K, reserved 1048576K
}
Event: 12.652 GC heap after
{Heap after GC invocations=35 (full 0):
 garbage-first heap   total 206848K, used 92217K [0x0000000080000000, 0x0000000100000000)
  region size 1024K, 10 young (10240K), 10 survivors (10240K)
 Metaspace       used 92174K, committed 92864K, reserved 1130496K
  class space    used 12643K, committed 12928K, reserved 1048576K
}
Event: 13.607 GC heap before
{Heap before GC invocations=35 (full 0):
 garbage-first heap   total 206848K, used 165945K [0x0000000080000000, 0x0000000100000000)
  region size 1024K, 81 young (82944K), 10 survivors (10240K)
 Metaspace       used 99855K, committed 100544K, reserved 1138688K
  class space    used 13628K, committed 13952K, reserved 1048576K
}
Event: 13.616 GC heap after
{Heap after GC invocations=36 (full 0):
 garbage-first heap   total 206848K, used 100232K [0x0000000080000000, 0x0000000100000000)
  region size 1024K, 9 young (9216K), 9 survivors (9216K)
 Metaspace       used 99855K, committed 100544K, reserved 1138688K
  class space    used 13628K, committed 13952K, reserved 1048576K
}
Event: 14.746 GC heap before
{Heap before GC invocations=36 (full 0):
 garbage-first heap   total 206848K, used 162696K [0x0000000080000000, 0x0000000100000000)
  region size 1024K, 71 young (72704K), 9 survivors (9216K)
 Metaspace       used 108847K, committed 109632K, reserved 1146880K
  class space    used 15019K, committed 15360K, reserved 1048576K
}
Event: 14.751 GC heap after
{Heap after GC invocations=37 (full 0):
 garbage-first heap   total 206848K, used 99433K [0x0000000080000000, 0x0000000100000000)
  region size 1024K, 4 young (4096K), 4 survivors (4096K)
 Metaspace       used 108847K, committed 109632K, reserved 1146880K
  class space    used 15019K, committed 15360K, reserved 1048576K
}
Event: 15.098 GC heap before
{Heap before GC invocations=37 (full 0):
 garbage-first heap   total 206848K, used 128105K [0x0000000080000000, 0x0000000100000000)
  region size 1024K, 34 young (34816K), 4 survivors (4096K)
 Metaspace       used 115234K, committed 115968K, reserved 1155072K
  class space    used 16178K, committed 16512K, reserved 1048576K
}
Event: 15.102 GC heap after
{Heap after GC invocations=38 (full 0):
 garbage-first heap   total 206848K, used 100838K [0x0000000080000000, 0x0000000100000000)
  region size 1024K, 5 young (5120K), 5 survivors (5120K)
 Metaspace       used 115234K, committed 115968K, reserved 1155072K
  class space    used 16178K, committed 16512K, reserved 1048576K
}

